TpTrace Verbose: 0 : 21068, 1, 2024/01/15, 20:26:21.497, 4306714711814, vstest.console.dll, Version: 17.7.1-release-23418-01 Current process architecture: X64
TpTrace Verbose: 0 : 21068, 1, 2024/01/15, 20:26:21.499, 4306714731982, vstest.console.dll, Runtime location: C:\Program Files\dotnet\shared\Microsoft.NETCore.App\7.0.12
TpTrace Verbose: 0 : 21068, 1, 2024/01/15, 20:26:21.503, 4306714772478, vstest.console.dll, ArtifactProcessingPostProcessModeProcessorExecutor.Initialize: ArtifactProcessingMode.Collect
TpTrace Verbose: 0 : 21068, 1, 2024/01/15, 20:26:21.503, 4306714774151, vstest.console.dll, TestSessionCorrelationIdProcessorModeProcessorExecutor.Initialize: TestSessionCorrelationId '22428_aac02283-fc23-4f4a-8843-6a6faf54ad1e'
TpTrace Information: 0 : 21068, 1, 2024/01/15, 20:26:21.517, 4306714913156, vstest.console.dll, FilePatternParser: The given file C:\Users\Edna Basic\source\repos\VVS\VVS\bin\Debug\net7.0\fine-code-coverage\build-output\VVS.dll is a full path.
TpTrace Verbose: 0 : 21068, 1, 2024/01/15, 20:26:21.524, 4306714983531, vstest.console.dll, TestPluginCache.DiscoverTestExtensions: finding test extensions in assemblies ends with: RuntimeProvider.dll TPluginInfo: Microsoft.VisualStudio.TestPlatform.Common.ExtensionFramework.Utilities.TestRuntimePluginInformation TExtension: Microsoft.VisualStudio.TestPlatform.ObjectModel.Host.ITestRuntimeProvider
TpTrace Verbose: 0 : 21068, 1, 2024/01/15, 20:26:21.524, 4306714988017, vstest.console.dll, TestPluginCache.GetExtensionPaths: Filtered extension paths: 
TpTrace Verbose: 0 : 21068, 1, 2024/01/15, 20:26:21.524, 4306714989503, vstest.console.dll, TestPluginCache.GetExtensionPaths: Added default extension paths: C:\Program Files\dotnet\sdk\7.0.402\Extensions\Microsoft.Diagnostics.NETCore.Client.dll
C:\Program Files\dotnet\sdk\7.0.402\Extensions\Microsoft.TestPlatform.Extensions.BlameDataCollector.dll
C:\Program Files\dotnet\sdk\7.0.402\Extensions\Microsoft.TestPlatform.Extensions.EventLogCollector.dll
C:\Program Files\dotnet\sdk\7.0.402\Extensions\Microsoft.TestPlatform.TestHostRuntimeProvider.dll
C:\Program Files\dotnet\sdk\7.0.402\Extensions\Microsoft.VisualStudio.TestPlatform.Extensions.Html.TestLogger.dll
C:\Program Files\dotnet\sdk\7.0.402\Extensions\Microsoft.VisualStudio.TestPlatform.Extensions.Trx.TestLogger.dll
TpTrace Verbose: 0 : 21068, 1, 2024/01/15, 20:26:21.524, 4306714990381, vstest.console.dll, TestPluginCache.GetExtensionPaths: Added unfilterableExtensionPaths: 
TpTrace Information: 0 : 21068, 1, 2024/01/15, 20:26:21.525, 4306714997861, vstest.console.dll, AssemblyResolver.ctor: Creating AssemblyResolver with searchDirectories C:\Program Files\dotnet\sdk\7.0.402\Extensions,C:\Program Files\dotnet\sdk\7.0.402
TpTrace Verbose: 0 : 21068, 1, 2024/01/15, 20:26:21.526, 4306715010270, vstest.console.dll, TestPluginCache.DiscoverTestExtensions: Discovering the extensions using extension path.
TpTrace Verbose: 0 : 21068, 1, 2024/01/15, 20:26:21.527, 4306715012044, vstest.console.dll, TestPluginCache.GetExtensionPaths: Filtered extension paths: 
TpTrace Verbose: 0 : 21068, 1, 2024/01/15, 20:26:21.527, 4306715012880, vstest.console.dll, TestPluginCache.GetExtensionPaths: Added default extension paths: C:\Program Files\dotnet\sdk\7.0.402\Extensions\Microsoft.Diagnostics.NETCore.Client.dll
C:\Program Files\dotnet\sdk\7.0.402\Extensions\Microsoft.TestPlatform.Extensions.BlameDataCollector.dll
C:\Program Files\dotnet\sdk\7.0.402\Extensions\Microsoft.TestPlatform.Extensions.EventLogCollector.dll
C:\Program Files\dotnet\sdk\7.0.402\Extensions\Microsoft.TestPlatform.TestHostRuntimeProvider.dll
C:\Program Files\dotnet\sdk\7.0.402\Extensions\Microsoft.VisualStudio.TestPlatform.Extensions.Html.TestLogger.dll
C:\Program Files\dotnet\sdk\7.0.402\Extensions\Microsoft.VisualStudio.TestPlatform.Extensions.Trx.TestLogger.dll
TpTrace Verbose: 0 : 21068, 1, 2024/01/15, 20:26:21.527, 4306715013613, vstest.console.dll, TestPluginCache.GetExtensionPaths: Added unfilterableExtensionPaths: 
TpTrace Verbose: 0 : 21068, 1, 2024/01/15, 20:26:21.527, 4306715014997, vstest.console.dll, TestPluginCache.DiscoverTestExtensions: Discovering the extensions using allExtensionPaths: C:\Program Files\dotnet\sdk\7.0.402\Extensions\Microsoft.Diagnostics.NETCore.Client.dll
C:\Program Files\dotnet\sdk\7.0.402\Extensions\Microsoft.TestPlatform.Extensions.BlameDataCollector.dll
C:\Program Files\dotnet\sdk\7.0.402\Extensions\Microsoft.TestPlatform.Extensions.EventLogCollector.dll
C:\Program Files\dotnet\sdk\7.0.402\Extensions\Microsoft.TestPlatform.TestHostRuntimeProvider.dll
C:\Program Files\dotnet\sdk\7.0.402\Extensions\Microsoft.VisualStudio.TestPlatform.Extensions.Html.TestLogger.dll
C:\Program Files\dotnet\sdk\7.0.402\Extensions\Microsoft.VisualStudio.TestPlatform.Extensions.Trx.TestLogger.dll
TpTrace Information: 0 : 21068, 1, 2024/01/15, 20:26:21.527, 4306715017401, vstest.console.dll, AssemblyResolver.AddSearchDirectories: Adding more searchDirectories C:\Program Files\dotnet\sdk\7.0.402\Extensions,C:\Program Files\dotnet\sdk\7.0.402
TpTrace Information: 0 : 21068, 1, 2024/01/15, 20:26:21.527, 4306715018681, vstest.console.dll, AssemblyResolver.AddSearchDirectories: Adding more searchDirectories C:\Program Files\dotnet\sdk\7.0.402\Extensions,C:\Program Files\dotnet\sdk\7.0.402
TpTrace Information: 0 : 21068, 1, 2024/01/15, 20:26:21.527, 4306715019477, vstest.console.dll, AssemblyResolver.AddSearchDirectories: Adding more searchDirectories C:\Program Files\dotnet\sdk\7.0.402\Extensions,C:\Program Files\dotnet\sdk\7.0.402
TpTrace Information: 0 : 21068, 1, 2024/01/15, 20:26:21.527, 4306715020214, vstest.console.dll, AssemblyResolver.AddSearchDirectories: Adding more searchDirectories C:\Program Files\dotnet\sdk\7.0.402\Extensions,C:\Program Files\dotnet\sdk\7.0.402
TpTrace Information: 0 : 21068, 1, 2024/01/15, 20:26:21.528, 4306715020899, vstest.console.dll, AssemblyResolver.AddSearchDirectories: Adding more searchDirectories C:\Program Files\dotnet\sdk\7.0.402\Extensions,C:\Program Files\dotnet\sdk\7.0.402
TpTrace Information: 0 : 21068, 1, 2024/01/15, 20:26:21.528, 4306715021573, vstest.console.dll, AssemblyResolver.AddSearchDirectories: Adding more searchDirectories C:\Program Files\dotnet\sdk\7.0.402\Extensions,C:\Program Files\dotnet\sdk\7.0.402
TpTrace Information: 0 : 21068, 1, 2024/01/15, 20:26:21.528, 4306715026233, vstest.console.dll, AssemblyResolver.OnResolve: Microsoft.Diagnostics.NETCore.Client: Resolving assembly.
TpTrace Information: 0 : 21068, 1, 2024/01/15, 20:26:21.528, 4306715027552, vstest.console.dll, AssemblyResolver.OnResolve: Microsoft.Diagnostics.NETCore.Client: Searching in: 'C:\Program Files\dotnet\sdk\7.0.402\Extensions'.
TpTrace Information: 0 : 21068, 1, 2024/01/15, 20:26:21.536, 4306715106647, vstest.console.dll, AssemblyResolver.OnResolve: Microsoft.Diagnostics.NETCore.Client: Loading assembly 'C:\Program Files\dotnet\sdk\7.0.402\Extensions\Microsoft.Diagnostics.NETCore.Client.dll'.
TpTrace Information: 0 : 21068, 1, 2024/01/15, 20:26:21.537, 4306715118433, vstest.console.dll, AssemblyResolver.OnResolve: Resolved assembly: Microsoft.Diagnostics.NETCore.Client, from path: C:\Program Files\dotnet\sdk\7.0.402\Extensions\Microsoft.Diagnostics.NETCore.Client.dll
TpTrace Verbose: 0 : 21068, 1, 2024/01/15, 20:26:21.539, 4306715131499, vstest.console.dll, MetadataReaderExtensionsHelper: Discovering extensions inside assembly 'Microsoft.Diagnostics.NETCore.Client, Version=0.2.8.21101, Culture=neutral, PublicKeyToken=31bf3856ad364e35' file path 'C:\Program Files\dotnet\sdk\7.0.402\Extensions\Microsoft.Diagnostics.NETCore.Client.dll'
TpTrace Information: 0 : 21068, 1, 2024/01/15, 20:26:21.543, 4306715175836, vstest.console.dll, AssemblyResolver.OnResolve: Microsoft.Bcl.AsyncInterfaces: Resolving assembly.
TpTrace Information: 0 : 21068, 1, 2024/01/15, 20:26:21.543, 4306715176916, vstest.console.dll, AssemblyResolver.OnResolve: Microsoft.Bcl.AsyncInterfaces: Searching in: 'C:\Program Files\dotnet\sdk\7.0.402\Extensions'.
TpTrace Information: 0 : 21068, 1, 2024/01/15, 20:26:21.543, 4306715178291, vstest.console.dll, AssemblyResolver.OnResolve: Microsoft.Bcl.AsyncInterfaces: Assembly path does not exist: 'C:\Program Files\dotnet\sdk\7.0.402\Extensions\Microsoft.Bcl.AsyncInterfaces.dll', returning.
TpTrace Information: 0 : 21068, 1, 2024/01/15, 20:26:21.543, 4306715179965, vstest.console.dll, AssemblyResolver.OnResolve: Microsoft.Bcl.AsyncInterfaces: Assembly path does not exist: 'C:\Program Files\dotnet\sdk\7.0.402\Extensions\Microsoft.Bcl.AsyncInterfaces.exe', returning.
TpTrace Information: 0 : 21068, 1, 2024/01/15, 20:26:21.543, 4306715180776, vstest.console.dll, AssemblyResolver.OnResolve: Microsoft.Bcl.AsyncInterfaces: Searching in: 'C:\Program Files\dotnet\sdk\7.0.402'.
TpTrace Information: 0 : 21068, 1, 2024/01/15, 20:26:21.544, 4306715181797, vstest.console.dll, AssemblyResolver.OnResolve: Microsoft.Bcl.AsyncInterfaces: Assembly path does not exist: 'C:\Program Files\dotnet\sdk\7.0.402\Microsoft.Bcl.AsyncInterfaces.dll', returning.
TpTrace Information: 0 : 21068, 1, 2024/01/15, 20:26:21.544, 4306715182706, vstest.console.dll, AssemblyResolver.OnResolve: Microsoft.Bcl.AsyncInterfaces: Assembly path does not exist: 'C:\Program Files\dotnet\sdk\7.0.402\Microsoft.Bcl.AsyncInterfaces.exe', returning.
TpTrace Information: 0 : 21068, 1, 2024/01/15, 20:26:21.544, 4306715183390, vstest.console.dll, AssemblyResolver.OnResolve: Microsoft.Bcl.AsyncInterfaces: Failed to load assembly.
TpTrace Verbose: 0 : 21068, 1, 2024/01/15, 20:26:21.544, 4306715184110, vstest.console.dll, CurrentDomainAssemblyResolve: Resolving assembly 'Microsoft.Bcl.AsyncInterfaces'.
TpTrace Information: 0 : 21068, 1, 2024/01/15, 20:26:21.544, 4306715185079, vstest.console.dll, AssemblyResolver.OnResolve: Microsoft.Bcl.AsyncInterfaces: Resolving assembly.
TpTrace Information: 0 : 21068, 1, 2024/01/15, 20:26:21.544, 4306715185846, vstest.console.dll, AssemblyResolver.OnResolve: Microsoft.Bcl.AsyncInterfaces: Resolved from cache.
TpTrace Verbose: 0 : 21068, 1, 2024/01/15, 20:26:21.544, 4306715186502, vstest.console.dll, CurrentDomainAssemblyResolve: Resolving assembly 'Microsoft.Bcl.AsyncInterfaces'.
TpTrace Verbose: 0 : 21068, 1, 2024/01/15, 20:26:21.544, 4306715187214, vstest.console.dll, CurrentDomainAssemblyResolve: Failed to resolve assembly 'Microsoft.Bcl.AsyncInterfaces'.
TpTrace Verbose: 0 : 21068, 1, 2024/01/15, 20:26:21.545, 4306715197339, vstest.console.dll, CurrentDomainAssemblyResolve: Failed to resolve assembly 'Microsoft.Bcl.AsyncInterfaces'.
TpTrace Warning: 0 : 21068, 1, 2024/01/15, 20:26:21.557, 4306715312060, vstest.console.dll, TestPluginDiscoverer: Failed to get types from assembly 'Microsoft.Diagnostics.NETCore.Client, Version=0.2.8.21101, Culture=neutral, PublicKeyToken=31bf3856ad364e35'. Error: System.Reflection.ReflectionTypeLoadException: Unable to load one or more of the requested types.
Could not load file or assembly 'Microsoft.Bcl.AsyncInterfaces, Version=1.0.0.0, Culture=neutral, PublicKeyToken=cc7b13ffcd2ddd51'. The system cannot find the file specified.
   at System.Reflection.RuntimeModule.GetTypes(RuntimeModule module)
   at System.Reflection.Assembly.GetTypes()
   at Microsoft.VisualStudio.TestPlatform.Common.ExtensionFramework.TestPluginDiscoverer.GetTestExtensionsFromAssembly[TPluginInfo,TExtension](Assembly assembly, Dictionary`2 pluginInfos, String filePath) in /_/src/Microsoft.TestPlatform.Common/ExtensionFramework/TestPluginDiscoverer.cs:line 158
System.IO.FileNotFoundException: Could not load file or assembly 'Microsoft.Bcl.AsyncInterfaces, Version=1.0.0.0, Culture=neutral, PublicKeyToken=cc7b13ffcd2ddd51'. The system cannot find the file specified.
File name: 'Microsoft.Bcl.AsyncInterfaces, Version=1.0.0.0, Culture=neutral, PublicKeyToken=cc7b13ffcd2ddd51'
 ---> System.IO.FileNotFoundException: Could not load file or assembly 'Microsoft.Bcl.AsyncInterfaces, Culture=neutral, PublicKeyToken=null'. The system cannot find the file specified.
File name: 'Microsoft.Bcl.AsyncInterfaces, Culture=neutral, PublicKeyToken=null'
   at System.Reflection.RuntimeAssembly.InternalLoad(AssemblyName assemblyName, StackCrawlMark& stackMark, AssemblyLoadContext assemblyLoadContext, RuntimeAssembly requestingAssembly, Boolean throwOnFileNotFound)
   at System.Reflection.Assembly.Load(AssemblyName assemblyRef)
   at Microsoft.VisualStudio.TestPlatform.Common.ExtensionFramework.TestPluginCache.CurrentDomainAssemblyResolve(Object sender, AssemblyResolveEventArgs args) in /_/src/Microsoft.TestPlatform.Common/ExtensionFramework/TestPluginCache.cs:line 513
   at System.Runtime.Loader.AssemblyLoadContext.GetFirstResolvedAssemblyFromResolvingEvent(AssemblyName assemblyName)
   at System.Runtime.Loader.AssemblyLoadContext.ResolveUsingEvent(AssemblyName assemblyName)
   at System.Runtime.Loader.AssemblyLoadContext.ResolveUsingResolvingEvent(IntPtr gchManagedAssemblyLoadContext, AssemblyName assemblyName)
TpTrace Warning: 0 : 21068, 1, 2024/01/15, 20:26:21.557, 4306715316512, vstest.console.dll, LoaderExceptions: System.IO.FileNotFoundException: Could not load file or assembly 'Microsoft.Bcl.AsyncInterfaces, Version=1.0.0.0, Culture=neutral, PublicKeyToken=cc7b13ffcd2ddd51'. The system cannot find the file specified.
File name: 'Microsoft.Bcl.AsyncInterfaces, Version=1.0.0.0, Culture=neutral, PublicKeyToken=cc7b13ffcd2ddd51'
 ---> System.IO.FileNotFoundException: Could not load file or assembly 'Microsoft.Bcl.AsyncInterfaces, Culture=neutral, PublicKeyToken=null'. The system cannot find the file specified.
File name: 'Microsoft.Bcl.AsyncInterfaces, Culture=neutral, PublicKeyToken=null'
   at System.Reflection.RuntimeAssembly.InternalLoad(AssemblyName assemblyName, StackCrawlMark& stackMark, AssemblyLoadContext assemblyLoadContext, RuntimeAssembly requestingAssembly, Boolean throwOnFileNotFound)
   at System.Reflection.Assembly.Load(AssemblyName assemblyRef)
   at Microsoft.VisualStudio.TestPlatform.Common.ExtensionFramework.TestPluginCache.CurrentDomainAssemblyResolve(Object sender, AssemblyResolveEventArgs args) in /_/src/Microsoft.TestPlatform.Common/ExtensionFramework/TestPluginCache.cs:line 513
   at System.Runtime.Loader.AssemblyLoadContext.GetFirstResolvedAssemblyFromResolvingEvent(AssemblyName assemblyName)
   at System.Runtime.Loader.AssemblyLoadContext.ResolveUsingEvent(AssemblyName assemblyName)
   at System.Runtime.Loader.AssemblyLoadContext.ResolveUsingResolvingEvent(IntPtr gchManagedAssemblyLoadContext, AssemblyName assemblyName)
TpTrace Information: 0 : 21068, 1, 2024/01/15, 20:26:21.557, 4306715318562, vstest.console.dll, AssemblyResolver.OnResolve: Microsoft.TestPlatform.Extensions.BlameDataCollector: Resolving assembly.
TpTrace Information: 0 : 21068, 1, 2024/01/15, 20:26:21.557, 4306715319473, vstest.console.dll, AssemblyResolver.OnResolve: Microsoft.TestPlatform.Extensions.BlameDataCollector: Searching in: 'C:\Program Files\dotnet\sdk\7.0.402\Extensions'.
TpTrace Information: 0 : 21068, 1, 2024/01/15, 20:26:21.558, 4306715325580, vstest.console.dll, AssemblyResolver.OnResolve: Microsoft.TestPlatform.Extensions.BlameDataCollector: Loading assembly 'C:\Program Files\dotnet\sdk\7.0.402\Extensions\Microsoft.TestPlatform.Extensions.BlameDataCollector.dll'.
TpTrace Information: 0 : 21068, 1, 2024/01/15, 20:26:21.559, 4306715338316, vstest.console.dll, AssemblyResolver.OnResolve: Resolved assembly: Microsoft.TestPlatform.Extensions.BlameDataCollector, from path: C:\Program Files\dotnet\sdk\7.0.402\Extensions\Microsoft.TestPlatform.Extensions.BlameDataCollector.dll
TpTrace Verbose: 0 : 21068, 1, 2024/01/15, 20:26:21.559, 4306715339601, vstest.console.dll, MetadataReaderExtensionsHelper: Discovering extensions inside assembly 'Microsoft.TestPlatform.Extensions.BlameDataCollector, Version=15.0.0.0, Culture=neutral, PublicKeyToken=b03f5f7f11d50a3a' file path 'C:\Program Files\dotnet\sdk\7.0.402\Extensions\Microsoft.TestPlatform.Extensions.BlameDataCollector.dll'
TpTrace Information: 0 : 21068, 1, 2024/01/15, 20:26:21.561, 4306715355705, vstest.console.dll, AssemblyResolver.OnResolve: Microsoft.TestPlatform.Extensions.EventLogCollector: Resolving assembly.
TpTrace Information: 0 : 21068, 1, 2024/01/15, 20:26:21.561, 4306715356866, vstest.console.dll, AssemblyResolver.OnResolve: Microsoft.TestPlatform.Extensions.EventLogCollector: Searching in: 'C:\Program Files\dotnet\sdk\7.0.402\Extensions'.
TpTrace Information: 0 : 21068, 1, 2024/01/15, 20:26:21.562, 4306715362387, vstest.console.dll, AssemblyResolver.OnResolve: Microsoft.TestPlatform.Extensions.EventLogCollector: Loading assembly 'C:\Program Files\dotnet\sdk\7.0.402\Extensions\Microsoft.TestPlatform.Extensions.EventLogCollector.dll'.
TpTrace Information: 0 : 21068, 1, 2024/01/15, 20:26:21.562, 4306715368548, vstest.console.dll, AssemblyResolver.OnResolve: Resolved assembly: Microsoft.TestPlatform.Extensions.EventLogCollector, from path: C:\Program Files\dotnet\sdk\7.0.402\Extensions\Microsoft.TestPlatform.Extensions.EventLogCollector.dll
TpTrace Verbose: 0 : 21068, 1, 2024/01/15, 20:26:21.562, 4306715369732, vstest.console.dll, MetadataReaderExtensionsHelper: Discovering extensions inside assembly 'Microsoft.TestPlatform.Extensions.EventLogCollector, Version=15.0.0.0, Culture=neutral, PublicKeyToken=b03f5f7f11d50a3a' file path 'C:\Program Files\dotnet\sdk\7.0.402\Extensions\Microsoft.TestPlatform.Extensions.EventLogCollector.dll'
TpTrace Information: 0 : 21068, 1, 2024/01/15, 20:26:21.565, 4306715399140, vstest.console.dll, AssemblyResolver.OnResolve: Microsoft.TestPlatform.TestHostRuntimeProvider: Resolving assembly.
TpTrace Information: 0 : 21068, 1, 2024/01/15, 20:26:21.565, 4306715400208, vstest.console.dll, AssemblyResolver.OnResolve: Microsoft.TestPlatform.TestHostRuntimeProvider: Searching in: 'C:\Program Files\dotnet\sdk\7.0.402\Extensions'.
TpTrace Information: 0 : 21068, 1, 2024/01/15, 20:26:21.566, 4306715405372, vstest.console.dll, AssemblyResolver.OnResolve: Microsoft.TestPlatform.TestHostRuntimeProvider: Loading assembly 'C:\Program Files\dotnet\sdk\7.0.402\Extensions\Microsoft.TestPlatform.TestHostRuntimeProvider.dll'.
TpTrace Information: 0 : 21068, 1, 2024/01/15, 20:26:21.567, 4306715415099, vstest.console.dll, AssemblyResolver.OnResolve: Resolved assembly: Microsoft.TestPlatform.TestHostRuntimeProvider, from path: C:\Program Files\dotnet\sdk\7.0.402\Extensions\Microsoft.TestPlatform.TestHostRuntimeProvider.dll
TpTrace Verbose: 0 : 21068, 1, 2024/01/15, 20:26:21.567, 4306715416293, vstest.console.dll, MetadataReaderExtensionsHelper: Discovering extensions inside assembly 'Microsoft.TestPlatform.TestHostRuntimeProvider, Version=15.0.0.0, Culture=neutral, PublicKeyToken=b03f5f7f11d50a3a' file path 'C:\Program Files\dotnet\sdk\7.0.402\Extensions\Microsoft.TestPlatform.TestHostRuntimeProvider.dll'
TpTrace Information: 0 : 21068, 1, 2024/01/15, 20:26:21.569, 4306715435994, vstest.console.dll, GetTestExtensionFromType: Register extension with identifier data 'HostProvider://DefaultTestHost' and type 'Microsoft.VisualStudio.TestPlatform.CrossPlatEngine.Hosting.DefaultTestHostManager, Microsoft.TestPlatform.TestHostRuntimeProvider, Version=15.0.0.0, Culture=neutral, PublicKeyToken=b03f5f7f11d50a3a' inside file 'C:\Program Files\dotnet\sdk\7.0.402\Extensions\Microsoft.TestPlatform.TestHostRuntimeProvider.dll'
TpTrace Information: 0 : 21068, 1, 2024/01/15, 20:26:21.569, 4306715439081, vstest.console.dll, GetTestExtensionFromType: Register extension with identifier data 'HostProvider://DotnetTestHost' and type 'Microsoft.VisualStudio.TestPlatform.CrossPlatEngine.Hosting.DotnetTestHostManager, Microsoft.TestPlatform.TestHostRuntimeProvider, Version=15.0.0.0, Culture=neutral, PublicKeyToken=b03f5f7f11d50a3a' inside file 'C:\Program Files\dotnet\sdk\7.0.402\Extensions\Microsoft.TestPlatform.TestHostRuntimeProvider.dll'
TpTrace Information: 0 : 21068, 1, 2024/01/15, 20:26:21.569, 4306715440449, vstest.console.dll, AssemblyResolver.OnResolve: Microsoft.VisualStudio.TestPlatform.Extensions.Html.TestLogger: Resolving assembly.
TpTrace Information: 0 : 21068, 1, 2024/01/15, 20:26:21.570, 4306715441214, vstest.console.dll, AssemblyResolver.OnResolve: Microsoft.VisualStudio.TestPlatform.Extensions.Html.TestLogger: Searching in: 'C:\Program Files\dotnet\sdk\7.0.402\Extensions'.
TpTrace Information: 0 : 21068, 1, 2024/01/15, 20:26:21.570, 4306715446640, vstest.console.dll, AssemblyResolver.OnResolve: Microsoft.VisualStudio.TestPlatform.Extensions.Html.TestLogger: Loading assembly 'C:\Program Files\dotnet\sdk\7.0.402\Extensions\Microsoft.VisualStudio.TestPlatform.Extensions.Html.TestLogger.dll'.
TpTrace Information: 0 : 21068, 1, 2024/01/15, 20:26:21.571, 4306715458699, vstest.console.dll, AssemblyResolver.OnResolve: Resolved assembly: Microsoft.VisualStudio.TestPlatform.Extensions.Html.TestLogger, from path: C:\Program Files\dotnet\sdk\7.0.402\Extensions\Microsoft.VisualStudio.TestPlatform.Extensions.Html.TestLogger.dll
TpTrace Verbose: 0 : 21068, 1, 2024/01/15, 20:26:21.571, 4306715459971, vstest.console.dll, MetadataReaderExtensionsHelper: Discovering extensions inside assembly 'Microsoft.VisualStudio.TestPlatform.Extensions.Html.TestLogger, Version=15.0.0.0, Culture=neutral, PublicKeyToken=b03f5f7f11d50a3a' file path 'C:\Program Files\dotnet\sdk\7.0.402\Extensions\Microsoft.VisualStudio.TestPlatform.Extensions.Html.TestLogger.dll'
TpTrace Information: 0 : 21068, 1, 2024/01/15, 20:26:21.572, 4306715469394, vstest.console.dll, AssemblyResolver.OnResolve: Microsoft.VisualStudio.TestPlatform.Extensions.Trx.TestLogger: Resolving assembly.
TpTrace Information: 0 : 21068, 1, 2024/01/15, 20:26:21.572, 4306715470705, vstest.console.dll, AssemblyResolver.OnResolve: Microsoft.VisualStudio.TestPlatform.Extensions.Trx.TestLogger: Searching in: 'C:\Program Files\dotnet\sdk\7.0.402\Extensions'.
TpTrace Information: 0 : 21068, 1, 2024/01/15, 20:26:21.573, 4306715475839, vstest.console.dll, AssemblyResolver.OnResolve: Microsoft.VisualStudio.TestPlatform.Extensions.Trx.TestLogger: Loading assembly 'C:\Program Files\dotnet\sdk\7.0.402\Extensions\Microsoft.VisualStudio.TestPlatform.Extensions.Trx.TestLogger.dll'.
TpTrace Information: 0 : 21068, 1, 2024/01/15, 20:26:21.574, 4306715486452, vstest.console.dll, AssemblyResolver.OnResolve: Resolved assembly: Microsoft.VisualStudio.TestPlatform.Extensions.Trx.TestLogger, from path: C:\Program Files\dotnet\sdk\7.0.402\Extensions\Microsoft.VisualStudio.TestPlatform.Extensions.Trx.TestLogger.dll
TpTrace Verbose: 0 : 21068, 1, 2024/01/15, 20:26:21.574, 4306715488249, vstest.console.dll, MetadataReaderExtensionsHelper: Discovering extensions inside assembly 'Microsoft.VisualStudio.TestPlatform.Extensions.Trx.TestLogger, Version=15.0.0.0, Culture=neutral, PublicKeyToken=b03f5f7f11d50a3a' file path 'C:\Program Files\dotnet\sdk\7.0.402\Extensions\Microsoft.VisualStudio.TestPlatform.Extensions.Trx.TestLogger.dll'
TpTrace Verbose: 0 : 21068, 1, 2024/01/15, 20:26:21.576, 4306715501870, vstest.console.dll, TestPluginCache: Discovered the extensions using extension path ''.
TpTrace Verbose: 0 : 21068, 1, 2024/01/15, 20:26:21.576, 4306715502986, vstest.console.dll, TestPluginCache: Discoverers are ''.
TpTrace Verbose: 0 : 21068, 1, 2024/01/15, 20:26:21.576, 4306715503843, vstest.console.dll, TestPluginCache: Executors are ''.
TpTrace Verbose: 0 : 21068, 1, 2024/01/15, 20:26:21.576, 4306715504669, vstest.console.dll, TestPluginCache: Executors2 are ''.
TpTrace Verbose: 0 : 21068, 1, 2024/01/15, 20:26:21.576, 4306715505303, vstest.console.dll, TestPluginCache: Setting providers are ''.
TpTrace Verbose: 0 : 21068, 1, 2024/01/15, 20:26:21.576, 4306715505989, vstest.console.dll, TestPluginCache: Loggers are ''.
TpTrace Verbose: 0 : 21068, 1, 2024/01/15, 20:26:21.576, 4306715507811, vstest.console.dll, TestPluginCache: TestHosts are 'HostProvider://DefaultTestHost,HostProvider://DotnetTestHost'.
TpTrace Verbose: 0 : 21068, 1, 2024/01/15, 20:26:21.576, 4306715508653, vstest.console.dll, TestPluginCache: DataCollectors are ''.
TpTrace Information: 0 : 21068, 1, 2024/01/15, 20:26:21.588, 4306715624321, vstest.console.dll, RunTestsArgumentProcessor:Execute: Test run is starting.
TpTrace Verbose: 0 : 21068, 1, 2024/01/15, 20:26:21.588, 4306715625501, vstest.console.dll, RunTestsArgumentProcessor:Execute: Queuing Test run.
TpTrace Information: 0 : 21068, 1, 2024/01/15, 20:26:21.588, 4306715628556, vstest.console.dll, TestRequestManager.RunTests: run tests started.
TpTrace Information: 0 : 21068, 1, 2024/01/15, 20:26:21.590, 4306715641867, vstest.console.dll, AssemblyMetadataProvider.GetFrameworkName: Determined framework:'.NETCoreApp,Version=v7.0' for source: 'C:\Users\Edna Basic\source\repos\VVS\VVS\bin\Debug\net7.0\fine-code-coverage\build-output\VVS.dll'
TpTrace Information: 0 : 21068, 1, 2024/01/15, 20:26:21.590, 4306715643968, vstest.console.dll, Determined framework for all sources: .NETCoreApp,Version=v7.0
TpTrace Verbose: 0 : 21068, 1, 2024/01/15, 20:26:21.590, 4306715649050, vstest.console.dll, TestRequestManager.UpdateRunSettingsIfRequired: Default architecture: X64 IsDefaultTargetArchitecture: True, Current process architecture: X64 OperatingSystem: Windows.
TpTrace Information: 0 : 21068, 1, 2024/01/15, 20:26:21.592, 4306715669306, vstest.console.dll, AssemblyMetadataProvider.GetArchitecture: Determined architecture:AnyCPU info for assembly: C:\Users\Edna Basic\source\repos\VVS\VVS\bin\Debug\net7.0\fine-code-coverage\build-output\VVS.dll
TpTrace Information: 0 : 21068, 1, 2024/01/15, 20:26:21.592, 4306715670393, vstest.console.dll, Determined platform for source 'C:\Users\Edna Basic\source\repos\VVS\VVS\bin\Debug\net7.0\fine-code-coverage\build-output\VVS.dll' was AnyCPU and it will use the default plaform X64.
TpTrace Information: 0 : 21068, 1, 2024/01/15, 20:26:21.593, 4306715671106, vstest.console.dll, None of the sources provided any runnable platform, using the default platform: X64
TpTrace Information: 0 : 21068, 1, 2024/01/15, 20:26:21.593, 4306715672334, vstest.console.dll, Platform was updated to 'X64'.
TpTrace Information: 0 : 21068, 1, 2024/01/15, 20:26:21.596, 4306715708678, vstest.console.dll, InferRunSettingsHelper.IsTestSettingsEnabled: Unable to navigate to RunSettings/MSTest. Current node: RunSettings
TpTrace Information: 0 : 21068, 1, 2024/01/15, 20:26:21.597, 4306715715424, vstest.console.dll, AssemblyResolver.OnResolve: Microsoft.VisualStudio.TestPlatform.Fakes: Resolving assembly.
TpTrace Information: 0 : 21068, 1, 2024/01/15, 20:26:21.597, 4306715716495, vstest.console.dll, AssemblyResolver.OnResolve: Microsoft.VisualStudio.TestPlatform.Fakes: Searching in: 'C:\Program Files\dotnet\sdk\7.0.402\Extensions'.
TpTrace Information: 0 : 21068, 1, 2024/01/15, 20:26:21.597, 4306715717706, vstest.console.dll, AssemblyResolver.OnResolve: Microsoft.VisualStudio.TestPlatform.Fakes: Assembly path does not exist: 'C:\Program Files\dotnet\sdk\7.0.402\Extensions\Microsoft.VisualStudio.TestPlatform.Fakes.dll', returning.
TpTrace Information: 0 : 21068, 1, 2024/01/15, 20:26:21.597, 4306715718715, vstest.console.dll, AssemblyResolver.OnResolve: Microsoft.VisualStudio.TestPlatform.Fakes: Assembly path does not exist: 'C:\Program Files\dotnet\sdk\7.0.402\Extensions\Microsoft.VisualStudio.TestPlatform.Fakes.exe', returning.
TpTrace Information: 0 : 21068, 1, 2024/01/15, 20:26:21.597, 4306715719453, vstest.console.dll, AssemblyResolver.OnResolve: Microsoft.VisualStudio.TestPlatform.Fakes: Searching in: 'C:\Program Files\dotnet\sdk\7.0.402'.
TpTrace Information: 0 : 21068, 1, 2024/01/15, 20:26:21.597, 4306715720388, vstest.console.dll, AssemblyResolver.OnResolve: Microsoft.VisualStudio.TestPlatform.Fakes: Assembly path does not exist: 'C:\Program Files\dotnet\sdk\7.0.402\Microsoft.VisualStudio.TestPlatform.Fakes.dll', returning.
TpTrace Information: 0 : 21068, 1, 2024/01/15, 20:26:21.598, 4306715721339, vstest.console.dll, AssemblyResolver.OnResolve: Microsoft.VisualStudio.TestPlatform.Fakes: Assembly path does not exist: 'C:\Program Files\dotnet\sdk\7.0.402\Microsoft.VisualStudio.TestPlatform.Fakes.exe', returning.
TpTrace Information: 0 : 21068, 1, 2024/01/15, 20:26:21.598, 4306715722120, vstest.console.dll, AssemblyResolver.OnResolve: Microsoft.VisualStudio.TestPlatform.Fakes: Failed to load assembly.
TpTrace Information: 0 : 21068, 1, 2024/01/15, 20:26:21.598, 4306715725780, vstest.console.dll, Failed to load assembly Microsoft.VisualStudio.TestPlatform.Fakes, Version=17.0.0.0, Culture=neutral. Reason:System.IO.FileNotFoundException: Could not load file or assembly 'Microsoft.VisualStudio.TestPlatform.Fakes, Version=17.0.0.0, Culture=neutral, PublicKeyToken=null'. The system cannot find the file specified.
File name: 'Microsoft.VisualStudio.TestPlatform.Fakes, Version=17.0.0.0, Culture=neutral, PublicKeyToken=null'
   at System.Reflection.RuntimeAssembly.InternalLoad(AssemblyName assemblyName, StackCrawlMark& stackMark, AssemblyLoadContext assemblyLoadContext, RuntimeAssembly requestingAssembly, Boolean throwOnFileNotFound)
   at System.Reflection.Assembly.Load(AssemblyName assemblyRef)
   at Microsoft.VisualStudio.TestPlatform.Common.Utilities.FakesUtilities.LoadTestPlatformAssembly() in /_/src/Microsoft.TestPlatform.Common/Utilities/FakesUtilities.cs:line 272
TpTrace Verbose: 0 : 21068, 1, 2024/01/15, 20:26:21.601, 4306715760334, vstest.console.dll, TestPluginCache.DiscoverTestExtensions: finding test extensions in assemblies ends with: TestLogger.dll TPluginInfo: Microsoft.VisualStudio.TestPlatform.Common.ExtensionFramework.Utilities.TestLoggerPluginInformation TExtension: Microsoft.VisualStudio.TestPlatform.ObjectModel.Client.ITestLogger
TpTrace Verbose: 0 : 21068, 1, 2024/01/15, 20:26:21.602, 4306715761651, vstest.console.dll, TestPluginCache.GetExtensionPaths: Filtered extension paths: 
TpTrace Verbose: 0 : 21068, 1, 2024/01/15, 20:26:21.602, 4306715762421, vstest.console.dll, TestPluginCache.GetExtensionPaths: Added default extension paths: C:\Program Files\dotnet\sdk\7.0.402\Extensions\Microsoft.Diagnostics.NETCore.Client.dll
C:\Program Files\dotnet\sdk\7.0.402\Extensions\Microsoft.TestPlatform.Extensions.BlameDataCollector.dll
C:\Program Files\dotnet\sdk\7.0.402\Extensions\Microsoft.TestPlatform.Extensions.EventLogCollector.dll
C:\Program Files\dotnet\sdk\7.0.402\Extensions\Microsoft.TestPlatform.TestHostRuntimeProvider.dll
C:\Program Files\dotnet\sdk\7.0.402\Extensions\Microsoft.VisualStudio.TestPlatform.Extensions.Html.TestLogger.dll
C:\Program Files\dotnet\sdk\7.0.402\Extensions\Microsoft.VisualStudio.TestPlatform.Extensions.Trx.TestLogger.dll
TpTrace Verbose: 0 : 21068, 1, 2024/01/15, 20:26:21.602, 4306715763104, vstest.console.dll, TestPluginCache.GetExtensionPaths: Added unfilterableExtensionPaths: 
TpTrace Information: 0 : 21068, 1, 2024/01/15, 20:26:21.602, 4306715764556, vstest.console.dll, AssemblyResolver.AddSearchDirectories: Adding more searchDirectories C:\Program Files\dotnet\sdk\7.0.402\Extensions,C:\Program Files\dotnet\sdk\7.0.402
TpTrace Verbose: 0 : 21068, 1, 2024/01/15, 20:26:21.602, 4306715765426, vstest.console.dll, TestPluginCache.DiscoverTestExtensions: Discovering the extensions using extension path.
TpTrace Verbose: 0 : 21068, 1, 2024/01/15, 20:26:21.602, 4306715766198, vstest.console.dll, TestPluginCache.GetExtensionPaths: Filtered extension paths: 
TpTrace Verbose: 0 : 21068, 1, 2024/01/15, 20:26:21.602, 4306715766963, vstest.console.dll, TestPluginCache.GetExtensionPaths: Added default extension paths: C:\Program Files\dotnet\sdk\7.0.402\Extensions\Microsoft.Diagnostics.NETCore.Client.dll
C:\Program Files\dotnet\sdk\7.0.402\Extensions\Microsoft.TestPlatform.Extensions.BlameDataCollector.dll
C:\Program Files\dotnet\sdk\7.0.402\Extensions\Microsoft.TestPlatform.Extensions.EventLogCollector.dll
C:\Program Files\dotnet\sdk\7.0.402\Extensions\Microsoft.TestPlatform.TestHostRuntimeProvider.dll
C:\Program Files\dotnet\sdk\7.0.402\Extensions\Microsoft.VisualStudio.TestPlatform.Extensions.Html.TestLogger.dll
C:\Program Files\dotnet\sdk\7.0.402\Extensions\Microsoft.VisualStudio.TestPlatform.Extensions.Trx.TestLogger.dll
TpTrace Verbose: 0 : 21068, 1, 2024/01/15, 20:26:21.602, 4306715767627, vstest.console.dll, TestPluginCache.GetExtensionPaths: Added unfilterableExtensionPaths: 
TpTrace Verbose: 0 : 21068, 1, 2024/01/15, 20:26:21.602, 4306715768364, vstest.console.dll, TestPluginCache.DiscoverTestExtensions: Discovering the extensions using allExtensionPaths: C:\Program Files\dotnet\sdk\7.0.402\Extensions\Microsoft.Diagnostics.NETCore.Client.dll
C:\Program Files\dotnet\sdk\7.0.402\Extensions\Microsoft.TestPlatform.Extensions.BlameDataCollector.dll
C:\Program Files\dotnet\sdk\7.0.402\Extensions\Microsoft.TestPlatform.Extensions.EventLogCollector.dll
C:\Program Files\dotnet\sdk\7.0.402\Extensions\Microsoft.TestPlatform.TestHostRuntimeProvider.dll
C:\Program Files\dotnet\sdk\7.0.402\Extensions\Microsoft.VisualStudio.TestPlatform.Extensions.Html.TestLogger.dll
C:\Program Files\dotnet\sdk\7.0.402\Extensions\Microsoft.VisualStudio.TestPlatform.Extensions.Trx.TestLogger.dll
TpTrace Information: 0 : 21068, 1, 2024/01/15, 20:26:21.602, 4306715769785, vstest.console.dll, AssemblyResolver.AddSearchDirectories: Adding more searchDirectories C:\Program Files\dotnet\sdk\7.0.402\Extensions,C:\Program Files\dotnet\sdk\7.0.402
TpTrace Information: 0 : 21068, 1, 2024/01/15, 20:26:21.602, 4306715770669, vstest.console.dll, AssemblyResolver.AddSearchDirectories: Adding more searchDirectories C:\Program Files\dotnet\sdk\7.0.402\Extensions,C:\Program Files\dotnet\sdk\7.0.402
TpTrace Information: 0 : 21068, 1, 2024/01/15, 20:26:21.603, 4306715771370, vstest.console.dll, AssemblyResolver.AddSearchDirectories: Adding more searchDirectories C:\Program Files\dotnet\sdk\7.0.402\Extensions,C:\Program Files\dotnet\sdk\7.0.402
TpTrace Information: 0 : 21068, 1, 2024/01/15, 20:26:21.603, 4306715772041, vstest.console.dll, AssemblyResolver.AddSearchDirectories: Adding more searchDirectories C:\Program Files\dotnet\sdk\7.0.402\Extensions,C:\Program Files\dotnet\sdk\7.0.402
TpTrace Information: 0 : 21068, 1, 2024/01/15, 20:26:21.603, 4306715772746, vstest.console.dll, AssemblyResolver.AddSearchDirectories: Adding more searchDirectories C:\Program Files\dotnet\sdk\7.0.402\Extensions,C:\Program Files\dotnet\sdk\7.0.402
TpTrace Information: 0 : 21068, 1, 2024/01/15, 20:26:21.603, 4306715773417, vstest.console.dll, AssemblyResolver.AddSearchDirectories: Adding more searchDirectories C:\Program Files\dotnet\sdk\7.0.402\Extensions,C:\Program Files\dotnet\sdk\7.0.402
TpTrace Verbose: 0 : 21068, 1, 2024/01/15, 20:26:21.603, 4306715774827, vstest.console.dll, MetadataReaderExtensionsHelper: Discovering extensions inside assembly 'Microsoft.Diagnostics.NETCore.Client, Version=0.2.8.21101, Culture=neutral, PublicKeyToken=31bf3856ad364e35' file path 'C:\Program Files\dotnet\sdk\7.0.402\Extensions\Microsoft.Diagnostics.NETCore.Client.dll'
TpTrace Information: 0 : 21068, 1, 2024/01/15, 20:26:21.604, 4306715784788, vstest.console.dll, AssemblyResolver.OnResolve: Microsoft.Bcl.AsyncInterfaces: Resolving assembly.
TpTrace Information: 0 : 21068, 1, 2024/01/15, 20:26:21.604, 4306715785834, vstest.console.dll, AssemblyResolver.OnResolve: Microsoft.Bcl.AsyncInterfaces: Resolved from cache.
TpTrace Verbose: 0 : 21068, 1, 2024/01/15, 20:26:21.604, 4306715786588, vstest.console.dll, CurrentDomainAssemblyResolve: Resolving assembly 'Microsoft.Bcl.AsyncInterfaces'.
TpTrace Information: 0 : 21068, 1, 2024/01/15, 20:26:21.604, 4306715787438, vstest.console.dll, AssemblyResolver.OnResolve: Microsoft.Bcl.AsyncInterfaces: Resolving assembly.
TpTrace Information: 0 : 21068, 1, 2024/01/15, 20:26:21.604, 4306715788115, vstest.console.dll, AssemblyResolver.OnResolve: Microsoft.Bcl.AsyncInterfaces: Resolved from cache.
TpTrace Verbose: 0 : 21068, 1, 2024/01/15, 20:26:21.604, 4306715788748, vstest.console.dll, CurrentDomainAssemblyResolve: Resolving assembly 'Microsoft.Bcl.AsyncInterfaces'.
TpTrace Verbose: 0 : 21068, 1, 2024/01/15, 20:26:21.604, 4306715789413, vstest.console.dll, CurrentDomainAssemblyResolve: Failed to resolve assembly 'Microsoft.Bcl.AsyncInterfaces'.
TpTrace Verbose: 0 : 21068, 1, 2024/01/15, 20:26:21.605, 4306715791804, vstest.console.dll, CurrentDomainAssemblyResolve: Failed to resolve assembly 'Microsoft.Bcl.AsyncInterfaces'.
TpTrace Warning: 0 : 21068, 1, 2024/01/15, 20:26:21.605, 4306715796715, vstest.console.dll, TestPluginDiscoverer: Failed to get types from assembly 'Microsoft.Diagnostics.NETCore.Client, Version=0.2.8.21101, Culture=neutral, PublicKeyToken=31bf3856ad364e35'. Error: System.Reflection.ReflectionTypeLoadException: Unable to load one or more of the requested types.
Could not load file or assembly 'Microsoft.Bcl.AsyncInterfaces, Version=1.0.0.0, Culture=neutral, PublicKeyToken=cc7b13ffcd2ddd51'. The system cannot find the file specified.
   at System.Reflection.RuntimeModule.GetTypes(RuntimeModule module)
   at System.Reflection.Assembly.GetTypes()
   at Microsoft.VisualStudio.TestPlatform.Common.ExtensionFramework.TestPluginDiscoverer.GetTestExtensionsFromAssembly[TPluginInfo,TExtension](Assembly assembly, Dictionary`2 pluginInfos, String filePath) in /_/src/Microsoft.TestPlatform.Common/ExtensionFramework/TestPluginDiscoverer.cs:line 158
System.IO.FileNotFoundException: Could not load file or assembly 'Microsoft.Bcl.AsyncInterfaces, Version=1.0.0.0, Culture=neutral, PublicKeyToken=cc7b13ffcd2ddd51'. The system cannot find the file specified.
File name: 'Microsoft.Bcl.AsyncInterfaces, Version=1.0.0.0, Culture=neutral, PublicKeyToken=cc7b13ffcd2ddd51'
 ---> System.IO.FileNotFoundException: Could not load file or assembly 'Microsoft.Bcl.AsyncInterfaces, Culture=neutral, PublicKeyToken=null'. The system cannot find the file specified.
File name: 'Microsoft.Bcl.AsyncInterfaces, Culture=neutral, PublicKeyToken=null'
   at System.Reflection.RuntimeAssembly.InternalLoad(AssemblyName assemblyName, StackCrawlMark& stackMark, AssemblyLoadContext assemblyLoadContext, RuntimeAssembly requestingAssembly, Boolean throwOnFileNotFound)
   at System.Reflection.Assembly.Load(AssemblyName assemblyRef)
   at Microsoft.VisualStudio.TestPlatform.Common.ExtensionFramework.TestPluginCache.CurrentDomainAssemblyResolve(Object sender, AssemblyResolveEventArgs args) in /_/src/Microsoft.TestPlatform.Common/ExtensionFramework/TestPluginCache.cs:line 513
   at System.Runtime.Loader.AssemblyLoadContext.GetFirstResolvedAssemblyFromResolvingEvent(AssemblyName assemblyName)
   at System.Runtime.Loader.AssemblyLoadContext.ResolveUsingEvent(AssemblyName assemblyName)
   at System.Runtime.Loader.AssemblyLoadContext.ResolveUsingResolvingEvent(IntPtr gchManagedAssemblyLoadContext, AssemblyName assemblyName)
TpTrace Warning: 0 : 21068, 1, 2024/01/15, 20:26:21.605, 4306715798848, vstest.console.dll, LoaderExceptions: System.IO.FileNotFoundException: Could not load file or assembly 'Microsoft.Bcl.AsyncInterfaces, Version=1.0.0.0, Culture=neutral, PublicKeyToken=cc7b13ffcd2ddd51'. The system cannot find the file specified.
File name: 'Microsoft.Bcl.AsyncInterfaces, Version=1.0.0.0, Culture=neutral, PublicKeyToken=cc7b13ffcd2ddd51'
 ---> System.IO.FileNotFoundException: Could not load file or assembly 'Microsoft.Bcl.AsyncInterfaces, Culture=neutral, PublicKeyToken=null'. The system cannot find the file specified.
File name: 'Microsoft.Bcl.AsyncInterfaces, Culture=neutral, PublicKeyToken=null'
   at System.Reflection.RuntimeAssembly.InternalLoad(AssemblyName assemblyName, StackCrawlMark& stackMark, AssemblyLoadContext assemblyLoadContext, RuntimeAssembly requestingAssembly, Boolean throwOnFileNotFound)
   at System.Reflection.Assembly.Load(AssemblyName assemblyRef)
   at Microsoft.VisualStudio.TestPlatform.Common.ExtensionFramework.TestPluginCache.CurrentDomainAssemblyResolve(Object sender, AssemblyResolveEventArgs args) in /_/src/Microsoft.TestPlatform.Common/ExtensionFramework/TestPluginCache.cs:line 513
   at System.Runtime.Loader.AssemblyLoadContext.GetFirstResolvedAssemblyFromResolvingEvent(AssemblyName assemblyName)
   at System.Runtime.Loader.AssemblyLoadContext.ResolveUsingEvent(AssemblyName assemblyName)
   at System.Runtime.Loader.AssemblyLoadContext.ResolveUsingResolvingEvent(IntPtr gchManagedAssemblyLoadContext, AssemblyName assemblyName)
TpTrace Verbose: 0 : 21068, 1, 2024/01/15, 20:26:21.605, 4306715800232, vstest.console.dll, MetadataReaderExtensionsHelper: Discovering extensions inside assembly 'Microsoft.TestPlatform.Extensions.BlameDataCollector, Version=15.0.0.0, Culture=neutral, PublicKeyToken=b03f5f7f11d50a3a' file path 'C:\Program Files\dotnet\sdk\7.0.402\Extensions\Microsoft.TestPlatform.Extensions.BlameDataCollector.dll'
TpTrace Information: 0 : 21068, 1, 2024/01/15, 20:26:21.606, 4306715807625, vstest.console.dll, GetTestExtensionFromType: Register extension with identifier data 'logger://Microsoft/TestPlatform/Extensions/Blame/v1' and type 'Microsoft.TestPlatform.Extensions.BlameDataCollector.BlameLogger, Microsoft.TestPlatform.Extensions.BlameDataCollector, Version=15.0.0.0, Culture=neutral, PublicKeyToken=b03f5f7f11d50a3a' inside file 'C:\Program Files\dotnet\sdk\7.0.402\Extensions\Microsoft.TestPlatform.Extensions.BlameDataCollector.dll'
TpTrace Verbose: 0 : 21068, 1, 2024/01/15, 20:26:21.606, 4306715808833, vstest.console.dll, MetadataReaderExtensionsHelper: Discovering extensions inside assembly 'Microsoft.TestPlatform.Extensions.EventLogCollector, Version=15.0.0.0, Culture=neutral, PublicKeyToken=b03f5f7f11d50a3a' file path 'C:\Program Files\dotnet\sdk\7.0.402\Extensions\Microsoft.TestPlatform.Extensions.EventLogCollector.dll'
TpTrace Verbose: 0 : 21068, 1, 2024/01/15, 20:26:21.607, 4306715814743, vstest.console.dll, MetadataReaderExtensionsHelper: Discovering extensions inside assembly 'Microsoft.TestPlatform.TestHostRuntimeProvider, Version=15.0.0.0, Culture=neutral, PublicKeyToken=b03f5f7f11d50a3a' file path 'C:\Program Files\dotnet\sdk\7.0.402\Extensions\Microsoft.TestPlatform.TestHostRuntimeProvider.dll'
TpTrace Verbose: 0 : 21068, 1, 2024/01/15, 20:26:21.607, 4306715820622, vstest.console.dll, MetadataReaderExtensionsHelper: Discovering extensions inside assembly 'Microsoft.VisualStudio.TestPlatform.Extensions.Html.TestLogger, Version=15.0.0.0, Culture=neutral, PublicKeyToken=b03f5f7f11d50a3a' file path 'C:\Program Files\dotnet\sdk\7.0.402\Extensions\Microsoft.VisualStudio.TestPlatform.Extensions.Html.TestLogger.dll'
TpTrace Information: 0 : 21068, 1, 2024/01/15, 20:26:21.608, 4306715828219, vstest.console.dll, GetTestExtensionFromType: Register extension with identifier data 'logger://Microsoft/TestPlatform/HtmlLogger/v1' and type 'Microsoft.VisualStudio.TestPlatform.Extensions.HtmlLogger.HtmlLogger, Microsoft.VisualStudio.TestPlatform.Extensions.Html.TestLogger, Version=15.0.0.0, Culture=neutral, PublicKeyToken=b03f5f7f11d50a3a' inside file 'C:\Program Files\dotnet\sdk\7.0.402\Extensions\Microsoft.VisualStudio.TestPlatform.Extensions.Html.TestLogger.dll'
TpTrace Verbose: 0 : 21068, 1, 2024/01/15, 20:26:21.608, 4306715829625, vstest.console.dll, MetadataReaderExtensionsHelper: Discovering extensions inside assembly 'Microsoft.VisualStudio.TestPlatform.Extensions.Trx.TestLogger, Version=15.0.0.0, Culture=neutral, PublicKeyToken=b03f5f7f11d50a3a' file path 'C:\Program Files\dotnet\sdk\7.0.402\Extensions\Microsoft.VisualStudio.TestPlatform.Extensions.Trx.TestLogger.dll'
TpTrace Information: 0 : 21068, 1, 2024/01/15, 20:26:21.609, 4306715836122, vstest.console.dll, GetTestExtensionFromType: Register extension with identifier data 'logger://Microsoft/TestPlatform/TrxLogger/v1' and type 'Microsoft.VisualStudio.TestPlatform.Extensions.TrxLogger.TrxLogger, Microsoft.VisualStudio.TestPlatform.Extensions.Trx.TestLogger, Version=15.0.0.0, Culture=neutral, PublicKeyToken=b03f5f7f11d50a3a' inside file 'C:\Program Files\dotnet\sdk\7.0.402\Extensions\Microsoft.VisualStudio.TestPlatform.Extensions.Trx.TestLogger.dll'
TpTrace Verbose: 0 : 21068, 1, 2024/01/15, 20:26:21.609, 4306715837627, vstest.console.dll, TestPluginCache: Discovered the extensions using extension path ''.
TpTrace Verbose: 0 : 21068, 1, 2024/01/15, 20:26:21.609, 4306715838400, vstest.console.dll, TestPluginCache: Discoverers are ''.
TpTrace Verbose: 0 : 21068, 1, 2024/01/15, 20:26:21.609, 4306715839090, vstest.console.dll, TestPluginCache: Executors are ''.
TpTrace Verbose: 0 : 21068, 1, 2024/01/15, 20:26:21.609, 4306715839714, vstest.console.dll, TestPluginCache: Executors2 are ''.
TpTrace Verbose: 0 : 21068, 1, 2024/01/15, 20:26:21.609, 4306715840325, vstest.console.dll, TestPluginCache: Setting providers are ''.
TpTrace Verbose: 0 : 21068, 1, 2024/01/15, 20:26:21.610, 4306715841288, vstest.console.dll, TestPluginCache: Loggers are 'logger://Microsoft/TestPlatform/Extensions/Blame/v1,logger://Microsoft/TestPlatform/HtmlLogger/v1,logger://Microsoft/TestPlatform/TrxLogger/v1'.
TpTrace Verbose: 0 : 21068, 1, 2024/01/15, 20:26:21.610, 4306715842165, vstest.console.dll, TestPluginCache: TestHosts are 'HostProvider://DefaultTestHost,HostProvider://DotnetTestHost'.
TpTrace Verbose: 0 : 21068, 1, 2024/01/15, 20:26:21.610, 4306715842854, vstest.console.dll, TestPluginCache: DataCollectors are ''.
TpTrace Information: 0 : 21068, 1, 2024/01/15, 20:26:21.611, 4306715852202, vstest.console.dll, TestPluginManager.CreateTestExtension: Attempting to load test extension: Microsoft.TestPlatform.Extensions.BlameDataCollector.BlameLogger
TpTrace Verbose: 0 : 21068, 1, 2024/01/15, 20:26:21.619, 4306715940279, vstest.console.dll, TestEngine: Initializing Parallel Execution as MaxCpuCount is set to: 1
TpTrace Information: 0 : 21068, 1, 2024/01/15, 20:26:21.621, 4306715958144, vstest.console.dll, TestPluginManager.CreateTestExtension: Attempting to load test extension: Microsoft.VisualStudio.TestPlatform.CrossPlatEngine.Hosting.DefaultTestHostManager
TpTrace Information: 0 : 21068, 1, 2024/01/15, 20:26:21.622, 4306715970736, vstest.console.dll, TestPluginManager.CreateTestExtension: Attempting to load test extension: Microsoft.VisualStudio.TestPlatform.CrossPlatEngine.Hosting.DotnetTestHostManager
TpTrace Information: 0 : 21068, 1, 2024/01/15, 20:26:21.623, 4306715978183, vstest.console.dll, InferRunSettingsHelper.IsTestSettingsEnabled: Unable to navigate to RunSettings/MSTest. Current node: RunSettings
TpTrace Verbose: 0 : 21068, 1, 2024/01/15, 20:26:21.624, 4306715985256, vstest.console.dll, ParallelOperationManager.ClearSlots: Clearing all slots. Slots should accept more work: True
TpTrace Verbose: 0 : 21068, 1, 2024/01/15, 20:26:21.625, 4306715993391, vstest.console.dll, ParallelOperationManager.SetOccupiedSlotCount: Setting slot counts AvailableSlotCount = 1, OccupiedSlotCount = 0.
TpTrace Verbose: 0 : 21068, 1, 2024/01/15, 20:26:21.625, 4306715998243, vstest.console.dll, Occupied slots:

TpTrace Verbose: 0 : 21068, 1, 2024/01/15, 20:26:21.629, 4306716032624, vstest.console.dll, TestEngine.GetExecutionManager: Chosen execution manager 'Microsoft.VisualStudio.TestPlatform.CrossPlatEngine.Client.Parallel.ParallelProxyExecutionManager, Microsoft.TestPlatform.CrossPlatEngine, Version=15.0.0.0, Culture=neutral, PublicKeyToken=b03f5f7f11d50a3a' ParallelLevel '1'.
TpTrace Verbose: 0 : 21068, 1, 2024/01/15, 20:26:21.629, 4306716034434, vstest.console.dll, TestRunRequest.ExecuteAsync: Creating test run request.
TpTrace Verbose: 0 : 21068, 1, 2024/01/15, 20:26:21.629, 4306716037142, vstest.console.dll, TestRunRequest.ExecuteAsync: Starting.
TpTrace Information: 0 : 21068, 1, 2024/01/15, 20:26:21.629, 4306716040367, vstest.console.dll, TestRunRequest.ExecuteAsync: Starting run with settings:TestRunCriteria:
   KeepAlive=False,FrequencyOfRunStatsChangeEvent=10,RunStatsChangeEventTimeout=00:00:01.5000000,TestCaseFilter=,TestExecutorLauncher=
   Settingsxml=<RunSettings>
  <RunConfiguration>
    <ResultsDirectory>C:\Users\Edna Basic\source\repos\VVS\VVS\bin\Debug\net7.0\fine-code-coverage\coverage-tool-output</ResultsDirectory>
    <TargetPlatform>X64</TargetPlatform>
    <TargetFrameworkVersion>.NETCoreApp,Version=v7.0</TargetFrameworkVersion>
    <DesignMode>False</DesignMode>
    <CollectSourceInformation>False</CollectSourceInformation>
  </RunConfiguration>
  <LoggerRunSettings>
    <Loggers>
      <Logger friendlyName="blame" enabled="True" />
      <Logger friendlyName="Console" uri="logger://microsoft/TestPlatform/ConsoleLogger/v1" assemblyQualifiedName="Microsoft.VisualStudio.TestPlatform.CommandLine.Internal.ConsoleLogger, vstest.console, Version=15.0.0.0, Culture=neutral, PublicKeyToken=b03f5f7f11d50a3a" codeBase="C:\Program Files\dotnet\sdk\7.0.402\vstest.console.dll" enabled="True" />
    </Loggers>
  </LoggerRunSettings>
  <DataCollectionRunSettings>
    <DataCollectors>
      <DataCollector friendlyName="blame" enabled="True">
        <Configuration>
          <ResultsDirectory>C:\Users\Edna Basic\source\repos\VVS\VVS\bin\Debug\net7.0\fine-code-coverage\coverage-tool-output</ResultsDirectory>
        </Configuration>
      </DataCollector>
    </DataCollectors>
  </DataCollectionRunSettings>
</RunSettings>

TpTrace Verbose: 0 : 21068, 1, 2024/01/15, 20:26:21.630, 4306716041395, vstest.console.dll, TestRunRequest.ExecuteAsync: Wait for the first run request is over.
TpTrace Verbose: 0 : 21068, 1, 2024/01/15, 20:26:21.630, 4306716044456, vstest.console.dll, MulticastDelegateUtilities.SafeInvoke: TestRun.TestRunStart: Invoking callbacks was skipped because there are no subscribers.
TpTrace Verbose: 0 : 21068, 4, 2024/01/15, 20:26:21.630, 4306716047567, vstest.console.dll, MulticastDelegateUtilities.SafeInvoke: InternalTestLoggerEvents.SendTestRunStart: Invoking callback 1/1 for Microsoft.VisualStudio.TestPlatform.CommandLine.Internal.ConsoleLogger., took 0 ms.
TpTrace Verbose: 0 : 21068, 1, 2024/01/15, 20:26:21.631, 4306716059472, vstest.console.dll, ParallelProxyExecutionManager: Start execution. Total sources: 1
TpTrace Verbose: 0 : 21068, 1, 2024/01/15, 20:26:21.632, 4306716063557, vstest.console.dll, ParallelOperationManager.StartWork: Starting adding 1 workloads.
TpTrace Verbose: 0 : 21068, 1, 2024/01/15, 20:26:21.632, 4306716065327, vstest.console.dll, ParallelOperationManager.ClearSlots: Clearing all slots. Slots should accept more work: True
TpTrace Verbose: 0 : 21068, 1, 2024/01/15, 20:26:21.632, 4306716066521, vstest.console.dll, ParallelOperationManager.SetOccupiedSlotCount: Setting slot counts AvailableSlotCount = 1, OccupiedSlotCount = 0.
TpTrace Verbose: 0 : 21068, 1, 2024/01/15, 20:26:21.632, 4306716067314, vstest.console.dll, Occupied slots:

TpTrace Verbose: 0 : 21068, 1, 2024/01/15, 20:26:21.634, 4306716082932, vstest.console.dll, TestRequestSender is acting as server.
TpTrace Verbose: 0 : 21068, 1, 2024/01/15, 20:26:21.635, 4306716095221, vstest.console.dll, ParallelOperationManager.RunWorkInParallel: Adding 1 workload to slot, remaining workloads 0.
TpTrace Verbose: 0 : 21068, 1, 2024/01/15, 20:26:21.635, 4306716096292, vstest.console.dll, ParallelOperationManager.SetOccupiedSlotCount: Setting slot counts AvailableSlotCount = 0, OccupiedSlotCount = 1.
TpTrace Verbose: 0 : 21068, 1, 2024/01/15, 20:26:21.635, 4306716097758, vstest.console.dll, Occupied slots:
0: C:\Users\Edna Basic\source\repos\VVS\VVS\bin\Debug\net7.0\fine-code-coverage\build-output\VVS.dll
TpTrace Verbose: 0 : 21068, 1, 2024/01/15, 20:26:21.636, 4306716110590, vstest.console.dll, ParallelOperationManager.RunWorkInParallel: Started host in slot number 0 for work (source): C:\Users\Edna Basic\source\repos\VVS\VVS\bin\Debug\net7.0\fine-code-coverage\build-output\VVS.dll.
TpTrace Verbose: 0 : 21068, 1, 2024/01/15, 20:26:21.637, 4306716118992, vstest.console.dll, ParallelOperationManager.RunWorkInParallel: We started 1 work items, which is the max parallel level. Won't start more work.
TpTrace Verbose: 0 : 21068, 1, 2024/01/15, 20:26:21.637, 4306716120203, vstest.console.dll, ParallelOperationManager.RunWorkInParallel: We started 1 work items in here, returning True.
TpTrace Information: 0 : 21068, 1, 2024/01/15, 20:26:21.638, 4306716121208, vstest.console.dll, TestRunRequest.ExecuteAsync: Started.
TpTrace Verbose: 0 : 21068, 1, 2024/01/15, 20:26:21.638, 4306716122574, vstest.console.dll, TestRunRequest.WaitForCompletion: Waiting with timeout -1.
TpTrace Verbose: 0 : 21068, 5, 2024/01/15, 20:26:21.638, 4306716123676, vstest.console.dll, ParallelProxyExecutionManager.StartTestRunOnConcurrentManager: Initializing uninitialized client. Started clients: 0
TpTrace Verbose: 0 : 21068, 5, 2024/01/15, 20:26:21.638, 4306716126511, vstest.console.dll, DataCollectionRequestSender.InitializeCommunication : Initialize communication. 
TpTrace Information: 0 : 21068, 5, 2024/01/15, 20:26:21.642, 4306716170719, vstest.console.dll, Listening on Endpoint : 127.0.0.1:64344
TpTrace Verbose: 0 : 21068, 5, 2024/01/15, 20:26:21.649, 4306716238656, vstest.console.dll, DotnetDataCollectionLauncher: Adding  --runtimeconfig "C:\Program Files\dotnet\sdk\7.0.402\datacollector.runtimeconfig.json" in args
TpTrace Verbose: 0 : 21068, 5, 2024/01/15, 20:26:21.649, 4306716240096, vstest.console.dll, DotnetDataCollectionLauncher: Adding  --depsfile "C:\Program Files\dotnet\sdk\7.0.402\datacollector.deps.json" in args
TpTrace Verbose: 0 : 21068, 5, 2024/01/15, 20:26:21.650, 4306716242278, vstest.console.dll, DotnetDataCollectionLauncher: Full path of dotnet.exe is C:\Program Files\dotnet\dotnet.exe
TpTrace Information: 0 : 21068, 5, 2024/01/15, 20:26:21.656, 4306716308834, vstest.console.dll, ProxyDataCollectionManager.Initialize: Launched datacollector processId: 20664 port: 64344
TpTrace Information: 0 : 21068, 5, 2024/01/15, 20:26:21.657, 4306716311077, vstest.console.dll, ProxyDataCollectionManager.Initialize: waiting for connection with timeout: 90 seconds
TpTrace Verbose: 0 : 21068, 5, 2024/01/15, 20:26:21.657, 4306716312757, vstest.console.dll, DataCollectionRequestSender.WaitForRequestHandlerConnection : Waiting for connection with timeout: 90000
TpTrace Information: 0 : 21068, 11, 2024/01/15, 20:26:21.816, 4306717908362, vstest.console.dll, Using the buffer size of 16384 bytes
TpTrace Verbose: 0 : 21068, 5, 2024/01/15, 20:26:21.816, 4306717908524, vstest.console.dll, SocketCommunicationManager.WaitForClientConnection took: 159 ms, with 90000 ms timeout, and finished with True.
TpTrace Information: 0 : 21068, 11, 2024/01/15, 20:26:21.816, 4306717909784, vstest.console.dll, Accepted Client request and set the flag
TpTrace Verbose: 0 : 21068, 5, 2024/01/15, 20:26:21.817, 4306717912223, vstest.console.dll, ProxyDataCollectionManager.InvokeDataCollectionServiceAction: Starting.
TpTrace Information: 0 : 21068, 5, 2024/01/15, 20:26:21.817, 4306717914430, vstest.console.dll, ProxyDataCollectionManager.BeforeTestRunStart: Get environment variable and port for datacollector processId: 20664 port: 64344
TpTrace Verbose: 0 : 21068, 5, 2024/01/15, 20:26:21.817, 4306717916628, vstest.console.dll, DataCollectionRequestSender.SendBeforeTestRunStartAndGetResult: Send BeforeTestRunStart message with settingsXml <RunSettings><RunConfiguration><ResultsDirectory>C:\Users\Edna Basic\source\repos\VVS\VVS\bin\Debug\net7.0\fine-code-coverage\coverage-tool-output</ResultsDirectory><TargetPlatform>X64</TargetPlatform><TargetFrameworkVersion>.NETCoreApp,Version=v7.0</TargetFrameworkVersion><DesignMode>False</DesignMode><CollectSourceInformation>False</CollectSourceInformation><TestAdaptersPaths>C:\Program Files\dotnet\sdk\7.0.402\Extensions</TestAdaptersPaths></RunConfiguration><LoggerRunSettings><Loggers><Logger friendlyName="blame" enabled="True" /><Logger friendlyName="Console" uri="logger://microsoft/TestPlatform/ConsoleLogger/v1" assemblyQualifiedName="Microsoft.VisualStudio.TestPlatform.CommandLine.Internal.ConsoleLogger, vstest.console, Version=15.0.0.0, Culture=neutral, PublicKeyToken=b03f5f7f11d50a3a" codeBase="C:\Program Files\dotnet\sdk\7.0.402\vstest.console.dll" enabled="True" /></Loggers></LoggerRunSettings><DataCollectionRunSettings><DataCollectors><DataCollector friendlyName="blame" enabled="True"><Configuration><ResultsDirectory>C:\Users\Edna Basic\source\repos\VVS\VVS\bin\Debug\net7.0\fine-code-coverage\coverage-tool-output</ResultsDirectory></Configuration></DataCollector></DataCollectors></DataCollectionRunSettings></RunSettings> and sources System.Collections.Generic.List`1[System.String]: 
TpTrace Verbose: 0 : 21068, 5, 2024/01/15, 20:26:21.898, 4306718728614, vstest.console.dll, DataCollectionRequestSender.SendBeforeTestRunStartAndGetResult: Received message: (DataCollection.SendMessage) -> {"MessageType":"DataCollection.SendMessage","Payload":{"FriendlyName":null,"Uri":null,"TestCaseId":"00000000-0000-0000-0000-000000000000","Message":"Logging DataCollector Diagnostics in file: C:\\Users\\Edna Basic\\source\\repos\\VVS\\VVS\\bin\\Debug\\net7.0\\fine-code-coverage\\coverage-tool-output\\diagnostics.datacollector.24-01-15_20-26-21_64957_5.log","Level":0}}
TpTrace Verbose: 0 : 21068, 5, 2024/01/15, 20:26:21.994, 4306719684533, vstest.console.dll, DataCollectionRequestSender.SendBeforeTestRunStartAndGetResult: Received message: (DataCollection.BeforeTestRunStartResult) -> {"MessageType":"DataCollection.BeforeTestRunStartResult","Payload":{"EnvironmentVariables":{},"DataCollectionEventsPort":64346}}
TpTrace Information: 0 : 21068, 5, 2024/01/15, 20:26:22.000, 4306719741403, vstest.console.dll, ProxyDataCollectionManager.BeforeTestRunStart: SendBeforeTestRunStartAndGetResult successful, env variable from datacollector:   and testhost port: 64346
TpTrace Information: 0 : 21068, 5, 2024/01/15, 20:26:22.000, 4306719742571, vstest.console.dll, ProxyDataCollectionManager.InvokeDataCollectionServiceAction: Completed.
TpTrace Verbose: 0 : 21068, 5, 2024/01/15, 20:26:22.000, 4306719743393, vstest.console.dll, ParallelProxyExecutionManager.StartTestRunOnConcurrentManager: Initializing test run. Started clients: 0
TpTrace Verbose: 0 : 21068, 5, 2024/01/15, 20:26:22.000, 4306719744617, vstest.console.dll, ProxyExecutionManager: Test host is always Lazy initialize.
TpTrace Verbose: 0 : 21068, 5, 2024/01/15, 20:26:22.000, 4306719747577, vstest.console.dll, TestRequestSender.InitializeCommunication: initialize communication. 
TpTrace Information: 0 : 21068, 5, 2024/01/15, 20:26:22.001, 4306719753906, vstest.console.dll, SocketServer.Start: Listening on endpoint : 127.0.0.1:64347
TpTrace Verbose: 0 : 21068, 5, 2024/01/15, 20:26:22.002, 4306719764193, vstest.console.dll, DotnetTestHostmanager.GetTestHostProcessStartInfo: Platform environment 'X64' target architecture 'X64' framework '.NETCoreApp,Version=v7.0' OS 'Windows'
TpTrace Verbose: 0 : 21068, 5, 2024/01/15, 20:26:22.002, 4306719766746, vstest.console.dll, DotnetTestHostmanager: Adding  --runtimeconfig "C:\Users\Edna Basic\source\repos\VVS\VVS\bin\Debug\net7.0\fine-code-coverage\build-output\VVS.runtimeconfig.json" in args
TpTrace Verbose: 0 : 21068, 5, 2024/01/15, 20:26:22.002, 4306719768037, vstest.console.dll, DotnetTestHostmanager: Adding  --depsfile "C:\Users\Edna Basic\source\repos\VVS\VVS\bin\Debug\net7.0\fine-code-coverage\build-output\VVS.deps.json" in args
TpTrace Verbose: 0 : 21068, 5, 2024/01/15, 20:26:22.002, 4306719770143, vstest.console.dll, DotnetTestHostmanager.IsWinOnArm: Current PROCESSOR_ARCHITECTURE from environment variable 'AMD64'
TpTrace Verbose: 0 : 21068, 5, 2024/01/15, 20:26:22.003, 4306719771299, vstest.console.dll, DotnetTestHostmanager.IsWinOnArm: Is Windows on ARM 'False'
TpTrace Verbose: 0 : 21068, 5, 2024/01/15, 20:26:22.003, 4306719772600, vstest.console.dll, DotnetTestHostManager: testhost.exe found at path: C:\Users\Edna Basic\source\repos\VVS\VVS\bin\Debug\net7.0\fine-code-coverage\build-output\testhost.exe
TpTrace Verbose: 0 : 21068, 5, 2024/01/15, 20:26:22.003, 4306719773465, vstest.console.dll, DotnetTestHostmanager: Full path of host exe is C:\Users\Edna Basic\source\repos\VVS\VVS\bin\Debug\net7.0\fine-code-coverage\build-output\testhost.exe
TpTrace Verbose: 0 : 21068, 5, 2024/01/15, 20:26:22.003, 4306719775134, vstest.console.dll, DotnetTestHostmanager.LaunchTestHostAsync: Found 'VSTEST_WINAPPHOST_DOTNET_ROOT' in env variables, value 'C:\Program Files\dotnet', forwarding to 'DOTNET_ROOT'
TpTrace Verbose: 0 : 21068, 5, 2024/01/15, 20:26:22.003, 4306719777393, vstest.console.dll, DotnetTestHostManager: Starting process 'C:\Users\Edna Basic\source\repos\VVS\VVS\bin\Debug\net7.0\fine-code-coverage\build-output\testhost.exe' with command line ' --runtimeconfig "C:\Users\Edna Basic\source\repos\VVS\VVS\bin\Debug\net7.0\fine-code-coverage\build-output\VVS.runtimeconfig.json" --depsfile "C:\Users\Edna Basic\source\repos\VVS\VVS\bin\Debug\net7.0\fine-code-coverage\build-output\VVS.deps.json" --port 64347 --endpoint 127.0.0.1:064347 --role client --parentprocessid 21068 --diag "C:\Users\Edna Basic\source\repos\VVS\VVS\bin\Debug\net7.0\fine-code-coverage\coverage-tool-output\diagnostics.host.24-01-15_20-26-22_00185_5.log" --tracelevel 4 --datacollectionport 64346 --telemetryoptedin false'
TpTrace Verbose: 0 : 21068, 5, 2024/01/15, 20:26:22.010, 4306719844806, vstest.console.dll, MulticastDelegateUtilities.SafeInvoke: HostProviderEvents.OnHostLaunched: Invoking callback 1/2 for Microsoft.VisualStudio.TestPlatform.CrossPlatEngine.Client.ProxyExecutionManagerWithDataCollection., took 1 ms.
TpTrace Verbose: 0 : 21068, 5, 2024/01/15, 20:26:22.010, 4306719848394, vstest.console.dll, Test Runtime launched
TpTrace Verbose: 0 : 21068, 5, 2024/01/15, 20:26:22.010, 4306719849982, vstest.console.dll, MulticastDelegateUtilities.SafeInvoke: HostProviderEvents.OnHostLaunched: Invoking callback 2/2 for Microsoft.VisualStudio.TestPlatform.CrossPlatEngine.Client.ProxyOperationManager., took 0 ms.
TpTrace Verbose: 0 : 21068, 5, 2024/01/15, 20:26:22.011, 4306719852552, vstest.console.dll, TestRequestSender.WaitForRequestHandlerConnection: waiting for connection with timeout: 90000.
TpTrace Verbose: 0 : 21068, 7, 2024/01/15, 20:26:22.194, 4306721689981, vstest.console.dll, MulticastDelegateUtilities.SafeInvoke: SocketServer: ClientConnected: Invoking callback 1/1 for Microsoft.VisualStudio.TestPlatform.CommunicationUtilities.TestRequestSender., took 0 ms.
TpTrace Verbose: 0 : 21068, 5, 2024/01/15, 20:26:22.194, 4306721689981, vstest.console.dll, TestRequestSender.WaitForRequestHandlerConnection: waiting took 183 ms, with timeout 90000 ms, and result 0, which is success.
TpTrace Verbose: 0 : 21068, 7, 2024/01/15, 20:26:22.195, 4306721692219, vstest.console.dll, SocketServer.OnClientConnected: Client connected for endPoint: 127.0.0.1:64347, starting MessageLoopAsync:
TpTrace Verbose: 0 : 21068, 7, 2024/01/15, 20:26:22.195, 4306721697474, vstest.console.dll, TcpClientExtensions.MessageLoopAsync: Polling on remoteEndPoint: 127.0.0.1:64348 localEndPoint: 127.0.0.1:64347
TpTrace Verbose: 0 : 21068, 5, 2024/01/15, 20:26:22.196, 4306721709578, vstest.console.dll, TestRequestSender.CheckVersionWithTestHost: Sending check version message: {"MessageType":"ProtocolVersion","Payload":7}
TpTrace Verbose: 0 : 21068, 7, 2024/01/15, 20:26:22.331, 4306723054801, vstest.console.dll, TcpClientExtensions.MessageLoopAsync: NotifyDataAvailable remoteEndPoint: 127.0.0.1:64348 localEndPoint: 127.0.0.1:64347
TpTrace Verbose: 0 : 21068, 7, 2024/01/15, 20:26:22.331, 4306723058597, vstest.console.dll, TestRequestSender.CheckVersionWithTestHost: onMessageReceived received message: (ProtocolVersion) -> {"MessageType":"ProtocolVersion","Payload":7}
TpTrace Verbose: 0 : 21068, 7, 2024/01/15, 20:26:22.332, 4306723068093, vstest.console.dll, MulticastDelegateUtilities.SafeInvoke: LengthPrefixCommunicationChannel: MessageReceived: Invoking callback 1/1 for Microsoft.VisualStudio.TestPlatform.CommunicationUtilities.TestRequestSender+<>c__DisplayClass29_0., took 0 ms.
TpTrace Verbose: 0 : 21068, 5, 2024/01/15, 20:26:22.332, 4306723069100, vstest.console.dll, TestPluginCache.GetExtensionPaths: Filtered extension paths: 
TpTrace Verbose: 0 : 21068, 7, 2024/01/15, 20:26:22.332, 4306723070117, vstest.console.dll, TcpClientExtensions.MessageLoopAsync: Polling on remoteEndPoint: 127.0.0.1:64348 localEndPoint: 127.0.0.1:64347
TpTrace Verbose: 0 : 21068, 5, 2024/01/15, 20:26:22.333, 4306723071336, vstest.console.dll, TestPluginCache.GetExtensionPaths: Added default extension paths: C:\Program Files\dotnet\sdk\7.0.402\Extensions\Microsoft.Diagnostics.NETCore.Client.dll
C:\Program Files\dotnet\sdk\7.0.402\Extensions\Microsoft.TestPlatform.Extensions.BlameDataCollector.dll
C:\Program Files\dotnet\sdk\7.0.402\Extensions\Microsoft.TestPlatform.Extensions.EventLogCollector.dll
C:\Program Files\dotnet\sdk\7.0.402\Extensions\Microsoft.TestPlatform.TestHostRuntimeProvider.dll
C:\Program Files\dotnet\sdk\7.0.402\Extensions\Microsoft.VisualStudio.TestPlatform.Extensions.Html.TestLogger.dll
C:\Program Files\dotnet\sdk\7.0.402\Extensions\Microsoft.VisualStudio.TestPlatform.Extensions.Trx.TestLogger.dll
TpTrace Verbose: 0 : 21068, 5, 2024/01/15, 20:26:22.333, 4306723073917, vstest.console.dll, TestPluginCache.GetExtensionPaths: Added unfilterableExtensionPaths: 
TpTrace Verbose: 0 : 21068, 5, 2024/01/15, 20:26:22.338, 4306723121099, vstest.console.dll, TestRequestSender.InitializeExecution: Sending initialize execution with message: {"Version":7,"MessageType":"TestExecution.Initialize","Payload":["C:\\Users\\Edna Basic\\source\\repos\\VVS\\VVS\\bin\\Debug\\net7.0\\fine-code-coverage\\build-output\\Microsoft.VisualStudio.TestPlatform.MSTest.TestAdapter.dll","C:\\Users\\Edna Basic\\source\\repos\\VVS\\VVS\\bin\\Debug\\net7.0\\fine-code-coverage\\build-output\\NUnit3.TestAdapter.dll"]}
TpTrace Verbose: 0 : 21068, 5, 2024/01/15, 20:26:22.338, 4306723124965, vstest.console.dll, ParallelProxyExecutionManager.StartTestRunOnConcurrentManager: Execution starting. Started clients: 1
TpTrace Verbose: 0 : 21068, 5, 2024/01/15, 20:26:22.338, 4306723129649, vstest.console.dll, TestRunRequest:SendTestRunMessage: Starting.
TpTrace Verbose: 0 : 21068, 5, 2024/01/15, 20:26:22.339, 4306723132723, vstest.console.dll, MulticastDelegateUtilities.SafeInvoke: TestRun.LogMessages: Invoking callback 1/1 for Microsoft.VisualStudio.TestPlatform.CommandLine.TestRunResultAggregator., took 0 ms.
TpTrace Information: 0 : 21068, 5, 2024/01/15, 20:26:22.339, 4306723134435, vstest.console.dll, TestRunRequest:SendTestRunMessage: Completed.
TpTrace Verbose: 0 : 21068, 4, 2024/01/15, 20:26:22.339, 4306723135020, vstest.console.dll, MulticastDelegateUtilities.SafeInvoke: InternalTestLoggerEvents.SendTestRunMessage: Invoking callback 1/1 for Microsoft.VisualStudio.TestPlatform.CommandLine.Internal.ConsoleLogger., took 0 ms.
TpTrace Warning: 0 : 21068, 5, 2024/01/15, 20:26:22.340, 4306723141185, vstest.console.dll, InferRunSettingsHelper.MakeRunsettingsCompatible: Removing the following settings: TargetPlatform from RunSettings file. To use those settings please move to latest version of Microsoft.NET.Test.Sdk
TpTrace Verbose: 0 : 21068, 7, 2024/01/15, 20:26:22.341, 4306723160743, vstest.console.dll, TcpClientExtensions.MessageLoopAsync: NotifyDataAvailable remoteEndPoint: 127.0.0.1:64348 localEndPoint: 127.0.0.1:64347
TpTrace Verbose: 0 : 21068, 7, 2024/01/15, 20:26:22.342, 4306723165202, vstest.console.dll, TestRequestSender.OnExecutionMessageReceived: Received message: {"Version":7,"MessageType":"TestSession.Message","Payload":{"MessageLevel":0,"Message":"Logging TestHost Diagnostics in file: C:\\Users\\Edna Basic\\source\\repos\\VVS\\VVS\\bin\\Debug\\net7.0\\fine-code-coverage\\coverage-tool-output\\diagnostics.host.24-01-15_20-26-22_00185_5.log"}}
TpTrace Verbose: 0 : 21068, 7, 2024/01/15, 20:26:22.346, 4306723201563, vstest.console.dll, TestRunRequest:SendTestRunMessage: Starting.
TpTrace Verbose: 0 : 21068, 7, 2024/01/15, 20:26:22.346, 4306723204099, vstest.console.dll, MulticastDelegateUtilities.SafeInvoke: TestRun.LogMessages: Invoking callback 1/1 for Microsoft.VisualStudio.TestPlatform.CommandLine.TestRunResultAggregator., took 0 ms.
TpTrace Information: 0 : 21068, 7, 2024/01/15, 20:26:22.346, 4306723205687, vstest.console.dll, TestRunRequest:SendTestRunMessage: Completed.
TpTrace Verbose: 0 : 21068, 7, 2024/01/15, 20:26:22.346, 4306723207372, vstest.console.dll, MulticastDelegateUtilities.SafeInvoke: LengthPrefixCommunicationChannel: MessageReceived: Invoking callback 1/1 for Microsoft.VisualStudio.TestPlatform.CommunicationUtilities.TestRequestSender+<>c__DisplayClass34_0., took 4 ms.
TpTrace Verbose: 0 : 21068, 7, 2024/01/15, 20:26:22.346, 4306723208919, vstest.console.dll, TcpClientExtensions.MessageLoopAsync: Polling on remoteEndPoint: 127.0.0.1:64348 localEndPoint: 127.0.0.1:64347
TpTrace Verbose: 0 : 21068, 4, 2024/01/15, 20:26:22.347, 4306723210977, vstest.console.dll, MulticastDelegateUtilities.SafeInvoke: InternalTestLoggerEvents.SendTestRunMessage: Invoking callback 1/1 for Microsoft.VisualStudio.TestPlatform.CommandLine.Internal.ConsoleLogger., took 0 ms.
TpTrace Verbose: 0 : 21068, 5, 2024/01/15, 20:26:22.352, 4306723261302, vstest.console.dll, TestRequestSender.StartTestRun: Sending test run with message: {"Version":7,"MessageType":"TestExecution.StartWithSources","Payload":{"AdapterSourceMap":{"_none_":["C:\\Users\\Edna Basic\\source\\repos\\VVS\\VVS\\bin\\Debug\\net7.0\\fine-code-coverage\\build-output\\VVS.dll"]},"RunSettings":"<RunSettings>\r\n  <RunConfiguration>\r\n    <ResultsDirectory>C:\\Users\\Edna Basic\\source\\repos\\VVS\\VVS\\bin\\Debug\\net7.0\\fine-code-coverage\\coverage-tool-output</ResultsDirectory>\r\n    <TargetFrameworkVersion>.NETCoreApp,Version=v7.0</TargetFrameworkVersion>\r\n    <DesignMode>False</DesignMode>\r\n    <CollectSourceInformation>False</CollectSourceInformation>\r\n  </RunConfiguration>\r\n  <LoggerRunSettings>\r\n    <Loggers>\r\n      <Logger friendlyName=\"blame\" enabled=\"True\" />\r\n      <Logger friendlyName=\"Console\" uri=\"logger://microsoft/TestPlatform/ConsoleLogger/v1\" assemblyQualifiedName=\"Microsoft.VisualStudio.TestPlatform.CommandLine.Internal.ConsoleLogger, vstest.console, Version=15.0.0.0, Culture=neutral, PublicKeyToken=b03f5f7f11d50a3a\" codeBase=\"C:\\Program Files\\dotnet\\sdk\\7.0.402\\vstest.console.dll\" enabled=\"True\" />\r\n    </Loggers>\r\n  </LoggerRunSettings>\r\n  <DataCollectionRunSettings>\r\n    <DataCollectors>\r\n      <DataCollector friendlyName=\"blame\" enabled=\"True\">\r\n        <Configuration>\r\n          <ResultsDirectory>C:\\Users\\Edna Basic\\source\\repos\\VVS\\VVS\\bin\\Debug\\net7.0\\fine-code-coverage\\coverage-tool-output</ResultsDirectory>\r\n        </Configuration>\r\n      </DataCollector>\r\n    </DataCollectors>\r\n  </DataCollectionRunSettings>\r\n</RunSettings>","TestExecutionContext":{"FrequencyOfRunStatsChangeEvent":10,"RunStatsChangeEventTimeout":"00:00:01.5000000","InIsolation":false,"KeepAlive":false,"AreTestCaseLevelEventsRequired":false,"IsDebug":false,"TestCaseFilter":null,"FilterOptions":null},"Package":null}}
TpTrace Verbose: 0 : 21068, 5, 2024/01/15, 20:26:22.352, 4306723263453, vstest.console.dll, ParallelProxyExecutionManager.StartTestRunOnConcurrentManager: Execution started. Started clients: 1
TpTrace Verbose: 0 : 21068, 7, 2024/01/15, 20:26:22.598, 4306725727144, vstest.console.dll, TcpClientExtensions.MessageLoopAsync: NotifyDataAvailable remoteEndPoint: 127.0.0.1:64348 localEndPoint: 127.0.0.1:64347
TpTrace Verbose: 0 : 21068, 7, 2024/01/15, 20:26:22.598, 4306725730239, vstest.console.dll, TestRequestSender.OnExecutionMessageReceived: Received message: {"Version":7,"MessageType":"TestSession.Message","Payload":{"MessageLevel":0,"Message":"NUnit Adapter 4.5.0.0: Test execution started"}}
TpTrace Verbose: 0 : 21068, 7, 2024/01/15, 20:26:22.599, 4306725735885, vstest.console.dll, TestRunRequest:SendTestRunMessage: Starting.
TpTrace Verbose: 0 : 21068, 7, 2024/01/15, 20:26:22.599, 4306725737849, vstest.console.dll, MulticastDelegateUtilities.SafeInvoke: TestRun.LogMessages: Invoking callback 1/1 for Microsoft.VisualStudio.TestPlatform.CommandLine.TestRunResultAggregator., took 0 ms.
TpTrace Verbose: 0 : 21068, 4, 2024/01/15, 20:26:22.599, 4306725738243, vstest.console.dll, MulticastDelegateUtilities.SafeInvoke: InternalTestLoggerEvents.SendTestRunMessage: Invoking callback 1/1 for Microsoft.VisualStudio.TestPlatform.CommandLine.Internal.ConsoleLogger., took 0 ms.
TpTrace Information: 0 : 21068, 7, 2024/01/15, 20:26:22.599, 4306725739579, vstest.console.dll, TestRunRequest:SendTestRunMessage: Completed.
TpTrace Verbose: 0 : 21068, 7, 2024/01/15, 20:26:22.600, 4306725742116, vstest.console.dll, MulticastDelegateUtilities.SafeInvoke: LengthPrefixCommunicationChannel: MessageReceived: Invoking callback 1/1 for Microsoft.VisualStudio.TestPlatform.CommunicationUtilities.TestRequestSender+<>c__DisplayClass34_0., took 1 ms.
TpTrace Verbose: 0 : 21068, 7, 2024/01/15, 20:26:22.600, 4306725743168, vstest.console.dll, TcpClientExtensions.MessageLoopAsync: Polling on remoteEndPoint: 127.0.0.1:64348 localEndPoint: 127.0.0.1:64347
TpTrace Verbose: 0 : 21068, 7, 2024/01/15, 20:26:22.620, 4306725946980, vstest.console.dll, TcpClientExtensions.MessageLoopAsync: NotifyDataAvailable remoteEndPoint: 127.0.0.1:64348 localEndPoint: 127.0.0.1:64347
TpTrace Verbose: 0 : 21068, 7, 2024/01/15, 20:26:22.620, 4306725948597, vstest.console.dll, TestRequestSender.OnExecutionMessageReceived: Received message: {"Version":7,"MessageType":"TestSession.Message","Payload":{"MessageLevel":0,"Message":"Running all tests in C:\\Users\\Edna Basic\\source\\repos\\VVS\\VVS\\bin\\Debug\\net7.0\\fine-code-coverage\\build-output\\VVS.dll"}}
TpTrace Verbose: 0 : 21068, 7, 2024/01/15, 20:26:22.620, 4306725950277, vstest.console.dll, TestRunRequest:SendTestRunMessage: Starting.
TpTrace Verbose: 0 : 21068, 7, 2024/01/15, 20:26:22.621, 4306725951473, vstest.console.dll, MulticastDelegateUtilities.SafeInvoke: TestRun.LogMessages: Invoking callback 1/1 for Microsoft.VisualStudio.TestPlatform.CommandLine.TestRunResultAggregator., took 0 ms.
TpTrace Information: 0 : 21068, 7, 2024/01/15, 20:26:22.621, 4306725952310, vstest.console.dll, TestRunRequest:SendTestRunMessage: Completed.
TpTrace Verbose: 0 : 21068, 7, 2024/01/15, 20:26:22.621, 4306725953113, vstest.console.dll, MulticastDelegateUtilities.SafeInvoke: LengthPrefixCommunicationChannel: MessageReceived: Invoking callback 1/1 for Microsoft.VisualStudio.TestPlatform.CommunicationUtilities.TestRequestSender+<>c__DisplayClass34_0., took 0 ms.
TpTrace Verbose: 0 : 21068, 4, 2024/01/15, 20:26:22.621, 4306725953424, vstest.console.dll, MulticastDelegateUtilities.SafeInvoke: InternalTestLoggerEvents.SendTestRunMessage: Invoking callback 1/1 for Microsoft.VisualStudio.TestPlatform.CommandLine.Internal.ConsoleLogger., took 0 ms.
TpTrace Verbose: 0 : 21068, 7, 2024/01/15, 20:26:22.621, 4306725954056, vstest.console.dll, TcpClientExtensions.MessageLoopAsync: Polling on remoteEndPoint: 127.0.0.1:64348 localEndPoint: 127.0.0.1:64347
TpTrace Verbose: 0 : 21068, 7, 2024/01/15, 20:26:22.735, 4306727098843, vstest.console.dll, TcpClientExtensions.MessageLoopAsync: NotifyDataAvailable remoteEndPoint: 127.0.0.1:64348 localEndPoint: 127.0.0.1:64347
TpTrace Verbose: 0 : 21068, 7, 2024/01/15, 20:26:22.736, 4306727101234, vstest.console.dll, TestRequestSender.OnExecutionMessageReceived: Received message: {"Version":7,"MessageType":"TestSession.Message","Payload":{"MessageLevel":0,"Message":"   NUnit3TestExecutor discovered 2 of 2 NUnit test cases using Current Discovery mode, Non-Explicit run"}}
TpTrace Verbose: 0 : 21068, 7, 2024/01/15, 20:26:22.736, 4306727103313, vstest.console.dll, TestRunRequest:SendTestRunMessage: Starting.
TpTrace Verbose: 0 : 21068, 7, 2024/01/15, 20:26:22.736, 4306727104613, vstest.console.dll, MulticastDelegateUtilities.SafeInvoke: TestRun.LogMessages: Invoking callback 1/1 for Microsoft.VisualStudio.TestPlatform.CommandLine.TestRunResultAggregator., took 0 ms.
TpTrace Verbose: 0 : 21068, 4, 2024/01/15, 20:26:22.736, 4306727104841, vstest.console.dll, MulticastDelegateUtilities.SafeInvoke: InternalTestLoggerEvents.SendTestRunMessage: Invoking callback 1/1 for Microsoft.VisualStudio.TestPlatform.CommandLine.Internal.ConsoleLogger., took 0 ms.
TpTrace Information: 0 : 21068, 7, 2024/01/15, 20:26:22.736, 4306727105917, vstest.console.dll, TestRunRequest:SendTestRunMessage: Completed.
TpTrace Verbose: 0 : 21068, 7, 2024/01/15, 20:26:22.736, 4306727108761, vstest.console.dll, MulticastDelegateUtilities.SafeInvoke: LengthPrefixCommunicationChannel: MessageReceived: Invoking callback 1/1 for Microsoft.VisualStudio.TestPlatform.CommunicationUtilities.TestRequestSender+<>c__DisplayClass34_0., took 0 ms.
TpTrace Verbose: 0 : 21068, 7, 2024/01/15, 20:26:22.736, 4306727110332, vstest.console.dll, TcpClientExtensions.MessageLoopAsync: Polling on remoteEndPoint: 127.0.0.1:64348 localEndPoint: 127.0.0.1:64347
TpTrace Verbose: 0 : 21068, 7, 2024/01/15, 20:26:23.737, 4306737113540, vstest.console.dll, TcpClientExtensions.MessageLoopAsync: Polling on remoteEndPoint: 127.0.0.1:64348 localEndPoint: 127.0.0.1:64347
TpTrace Verbose: 0 : 21068, 7, 2024/01/15, 20:26:24.028, 4306740026197, vstest.console.dll, TcpClientExtensions.MessageLoopAsync: NotifyDataAvailable remoteEndPoint: 127.0.0.1:64348 localEndPoint: 127.0.0.1:64347
TpTrace Verbose: 0 : 21068, 7, 2024/01/15, 20:26:24.029, 4306740031038, vstest.console.dll, TestRequestSender.OnExecutionMessageReceived: Received message: {"Version":7,"MessageType":"TestExecution.StatsChange","Payload":{"NewTestResults":[],"TestRunStatistics":{"ExecutedTests":0,"Stats":{}},"ActiveTests":[{"Id":"dea43480-c29b-0e58-6df7-077b2c38e78e","FullyQualifiedName":"PoklonbonoviTest.poklonbonovi","DisplayName":"poklonbonovi","ExecutorUri":"executor://NUnit3TestExecutor","Source":"C:\\Users\\Edna Basic\\source\\repos\\VVS\\VVS\\bin\\Debug\\net7.0\\fine-code-coverage\\build-output\\VVS.dll","CodeFilePath":null,"LineNumber":0,"Properties":[{"Key":{"Id":"NUnit.Seed","Label":"Seed","Category":"","Description":"","Attributes":0,"ValueType":"System.String"},"Value":"2013573183"}]}]}}
TpTrace Verbose: 0 : 21068, 7, 2024/01/15, 20:26:24.063, 4306740380135, vstest.console.dll, TestRunRequest:SendTestRunStatsChange: Starting.
TpTrace Verbose: 0 : 21068, 7, 2024/01/15, 20:26:24.064, 4306740384178, vstest.console.dll, InProgress is poklonbonovi
TpTrace Verbose: 0 : 21068, 7, 2024/01/15, 20:26:24.064, 4306740386661, vstest.console.dll, MulticastDelegateUtilities.SafeInvoke: TestRun.RunStatsChanged: Invoking callbacks was skipped because there are no subscribers.
TpTrace Information: 0 : 21068, 7, 2024/01/15, 20:26:24.064, 4306740387794, vstest.console.dll, TestRunRequest:SendTestRunStatsChange: Completed.
TpTrace Verbose: 0 : 21068, 7, 2024/01/15, 20:26:24.064, 4306740388862, vstest.console.dll, MulticastDelegateUtilities.SafeInvoke: LengthPrefixCommunicationChannel: MessageReceived: Invoking callback 1/1 for Microsoft.VisualStudio.TestPlatform.CommunicationUtilities.TestRequestSender+<>c__DisplayClass34_0., took 35 ms.
TpTrace Verbose: 0 : 21068, 7, 2024/01/15, 20:26:24.064, 4306740389905, vstest.console.dll, TcpClientExtensions.MessageLoopAsync: Polling on remoteEndPoint: 127.0.0.1:64348 localEndPoint: 127.0.0.1:64347
TpTrace Verbose: 0 : 21068, 7, 2024/01/15, 20:26:25.065, 4306750392727, vstest.console.dll, TcpClientExtensions.MessageLoopAsync: Polling on remoteEndPoint: 127.0.0.1:64348 localEndPoint: 127.0.0.1:64347
TpTrace Verbose: 0 : 21068, 7, 2024/01/15, 20:26:26.065, 4306760393004, vstest.console.dll, TcpClientExtensions.MessageLoopAsync: Polling on remoteEndPoint: 127.0.0.1:64348 localEndPoint: 127.0.0.1:64347
TpTrace Verbose: 0 : 21068, 7, 2024/01/15, 20:26:27.066, 4306770402959, vstest.console.dll, TcpClientExtensions.MessageLoopAsync: Polling on remoteEndPoint: 127.0.0.1:64348 localEndPoint: 127.0.0.1:64347
TpTrace Verbose: 0 : 21068, 7, 2024/01/15, 20:26:28.066, 4306780403988, vstest.console.dll, TcpClientExtensions.MessageLoopAsync: Polling on remoteEndPoint: 127.0.0.1:64348 localEndPoint: 127.0.0.1:64347
TpTrace Verbose: 0 : 21068, 7, 2024/01/15, 20:26:29.067, 4306790413313, vstest.console.dll, TcpClientExtensions.MessageLoopAsync: Polling on remoteEndPoint: 127.0.0.1:64348 localEndPoint: 127.0.0.1:64347
TpTrace Verbose: 0 : 21068, 7, 2024/01/15, 20:26:30.067, 4306800413881, vstest.console.dll, TcpClientExtensions.MessageLoopAsync: Polling on remoteEndPoint: 127.0.0.1:64348 localEndPoint: 127.0.0.1:64347
TpTrace Verbose: 0 : 21068, 7, 2024/01/15, 20:26:31.067, 4306810418304, vstest.console.dll, TcpClientExtensions.MessageLoopAsync: Polling on remoteEndPoint: 127.0.0.1:64348 localEndPoint: 127.0.0.1:64347
TpTrace Verbose: 0 : 21068, 7, 2024/01/15, 20:26:32.067, 4306820418404, vstest.console.dll, TcpClientExtensions.MessageLoopAsync: Polling on remoteEndPoint: 127.0.0.1:64348 localEndPoint: 127.0.0.1:64347
TpTrace Verbose: 0 : 21068, 7, 2024/01/15, 20:26:33.067, 4306830419960, vstest.console.dll, TcpClientExtensions.MessageLoopAsync: Polling on remoteEndPoint: 127.0.0.1:64348 localEndPoint: 127.0.0.1:64347
TpTrace Verbose: 0 : 21068, 7, 2024/01/15, 20:26:34.068, 4306840426772, vstest.console.dll, TcpClientExtensions.MessageLoopAsync: Polling on remoteEndPoint: 127.0.0.1:64348 localEndPoint: 127.0.0.1:64347
TpTrace Verbose: 0 : 21068, 7, 2024/01/15, 20:26:35.069, 4306850434808, vstest.console.dll, TcpClientExtensions.MessageLoopAsync: Polling on remoteEndPoint: 127.0.0.1:64348 localEndPoint: 127.0.0.1:64347
TpTrace Verbose: 0 : 21068, 7, 2024/01/15, 20:26:36.069, 4306860434958, vstest.console.dll, TcpClientExtensions.MessageLoopAsync: Polling on remoteEndPoint: 127.0.0.1:64348 localEndPoint: 127.0.0.1:64347
TpTrace Verbose: 0 : 21068, 7, 2024/01/15, 20:26:37.069, 4306870439877, vstest.console.dll, TcpClientExtensions.MessageLoopAsync: Polling on remoteEndPoint: 127.0.0.1:64348 localEndPoint: 127.0.0.1:64347
TpTrace Verbose: 0 : 21068, 7, 2024/01/15, 20:26:38.070, 4306880441266, vstest.console.dll, TcpClientExtensions.MessageLoopAsync: Polling on remoteEndPoint: 127.0.0.1:64348 localEndPoint: 127.0.0.1:64347
TpTrace Verbose: 0 : 21068, 7, 2024/01/15, 20:26:39.070, 4306890444412, vstest.console.dll, TcpClientExtensions.MessageLoopAsync: Polling on remoteEndPoint: 127.0.0.1:64348 localEndPoint: 127.0.0.1:64347
TpTrace Verbose: 0 : 21068, 7, 2024/01/15, 20:26:40.070, 4306900448324, vstest.console.dll, TcpClientExtensions.MessageLoopAsync: Polling on remoteEndPoint: 127.0.0.1:64348 localEndPoint: 127.0.0.1:64347
TpTrace Verbose: 0 : 21068, 7, 2024/01/15, 20:26:41.070, 4306910448398, vstest.console.dll, TcpClientExtensions.MessageLoopAsync: Polling on remoteEndPoint: 127.0.0.1:64348 localEndPoint: 127.0.0.1:64347
TpTrace Verbose: 0 : 21068, 7, 2024/01/15, 20:26:42.070, 4306920449627, vstest.console.dll, TcpClientExtensions.MessageLoopAsync: Polling on remoteEndPoint: 127.0.0.1:64348 localEndPoint: 127.0.0.1:64347
TpTrace Verbose: 0 : 21068, 7, 2024/01/15, 20:26:43.072, 4306930466477, vstest.console.dll, TcpClientExtensions.MessageLoopAsync: Polling on remoteEndPoint: 127.0.0.1:64348 localEndPoint: 127.0.0.1:64347
TpTrace Verbose: 0 : 21068, 7, 2024/01/15, 20:26:44.073, 4306940475431, vstest.console.dll, TcpClientExtensions.MessageLoopAsync: Polling on remoteEndPoint: 127.0.0.1:64348 localEndPoint: 127.0.0.1:64347
TpTrace Verbose: 0 : 21068, 7, 2024/01/15, 20:26:45.074, 4306950482961, vstest.console.dll, TcpClientExtensions.MessageLoopAsync: Polling on remoteEndPoint: 127.0.0.1:64348 localEndPoint: 127.0.0.1:64347
TpTrace Verbose: 0 : 21068, 7, 2024/01/15, 20:26:46.074, 4306960489597, vstest.console.dll, TcpClientExtensions.MessageLoopAsync: Polling on remoteEndPoint: 127.0.0.1:64348 localEndPoint: 127.0.0.1:64347
TpTrace Verbose: 0 : 21068, 7, 2024/01/15, 20:26:47.075, 4306970491707, vstest.console.dll, TcpClientExtensions.MessageLoopAsync: Polling on remoteEndPoint: 127.0.0.1:64348 localEndPoint: 127.0.0.1:64347
TpTrace Verbose: 0 : 21068, 7, 2024/01/15, 20:26:48.075, 4306980491773, vstest.console.dll, TcpClientExtensions.MessageLoopAsync: Polling on remoteEndPoint: 127.0.0.1:64348 localEndPoint: 127.0.0.1:64347
TpTrace Verbose: 0 : 21068, 7, 2024/01/15, 20:26:49.075, 4306990497384, vstest.console.dll, TcpClientExtensions.MessageLoopAsync: Polling on remoteEndPoint: 127.0.0.1:64348 localEndPoint: 127.0.0.1:64347
TpTrace Verbose: 0 : 21068, 7, 2024/01/15, 20:26:50.076, 4307000502741, vstest.console.dll, TcpClientExtensions.MessageLoopAsync: Polling on remoteEndPoint: 127.0.0.1:64348 localEndPoint: 127.0.0.1:64347
TpTrace Verbose: 0 : 21068, 7, 2024/01/15, 20:26:51.076, 4307010504028, vstest.console.dll, TcpClientExtensions.MessageLoopAsync: Polling on remoteEndPoint: 127.0.0.1:64348 localEndPoint: 127.0.0.1:64347
TpTrace Verbose: 0 : 21068, 7, 2024/01/15, 20:26:52.077, 4307020513588, vstest.console.dll, TcpClientExtensions.MessageLoopAsync: Polling on remoteEndPoint: 127.0.0.1:64348 localEndPoint: 127.0.0.1:64347
TpTrace Verbose: 0 : 21068, 7, 2024/01/15, 20:26:53.077, 4307030513934, vstest.console.dll, TcpClientExtensions.MessageLoopAsync: Polling on remoteEndPoint: 127.0.0.1:64348 localEndPoint: 127.0.0.1:64347
TpTrace Verbose: 0 : 21068, 7, 2024/01/15, 20:26:54.077, 4307040518760, vstest.console.dll, TcpClientExtensions.MessageLoopAsync: Polling on remoteEndPoint: 127.0.0.1:64348 localEndPoint: 127.0.0.1:64347
TpTrace Verbose: 0 : 21068, 7, 2024/01/15, 20:26:55.077, 4307050518653, vstest.console.dll, TcpClientExtensions.MessageLoopAsync: Polling on remoteEndPoint: 127.0.0.1:64348 localEndPoint: 127.0.0.1:64347
TpTrace Verbose: 0 : 21068, 7, 2024/01/15, 20:26:56.078, 4307060521160, vstest.console.dll, TcpClientExtensions.MessageLoopAsync: Polling on remoteEndPoint: 127.0.0.1:64348 localEndPoint: 127.0.0.1:64347
TpTrace Verbose: 0 : 21068, 7, 2024/01/15, 20:26:57.078, 4307070526336, vstest.console.dll, TcpClientExtensions.MessageLoopAsync: Polling on remoteEndPoint: 127.0.0.1:64348 localEndPoint: 127.0.0.1:64347
TpTrace Verbose: 0 : 21068, 7, 2024/01/15, 20:26:58.079, 4307080532485, vstest.console.dll, TcpClientExtensions.MessageLoopAsync: Polling on remoteEndPoint: 127.0.0.1:64348 localEndPoint: 127.0.0.1:64347
TpTrace Verbose: 0 : 21068, 7, 2024/01/15, 20:26:59.079, 4307090539155, vstest.console.dll, TcpClientExtensions.MessageLoopAsync: Polling on remoteEndPoint: 127.0.0.1:64348 localEndPoint: 127.0.0.1:64347
TpTrace Verbose: 0 : 21068, 7, 2024/01/15, 20:27:00.080, 4307100546391, vstest.console.dll, TcpClientExtensions.MessageLoopAsync: Polling on remoteEndPoint: 127.0.0.1:64348 localEndPoint: 127.0.0.1:64347
TpTrace Verbose: 0 : 21068, 7, 2024/01/15, 20:27:01.081, 4307110552402, vstest.console.dll, TcpClientExtensions.MessageLoopAsync: Polling on remoteEndPoint: 127.0.0.1:64348 localEndPoint: 127.0.0.1:64347
TpTrace Verbose: 0 : 21068, 7, 2024/01/15, 20:27:02.081, 4307120557081, vstest.console.dll, TcpClientExtensions.MessageLoopAsync: Polling on remoteEndPoint: 127.0.0.1:64348 localEndPoint: 127.0.0.1:64347
TpTrace Verbose: 0 : 21068, 7, 2024/01/15, 20:27:03.082, 4307130568681, vstest.console.dll, TcpClientExtensions.MessageLoopAsync: Polling on remoteEndPoint: 127.0.0.1:64348 localEndPoint: 127.0.0.1:64347
TpTrace Verbose: 0 : 21068, 7, 2024/01/15, 20:27:04.083, 4307140574467, vstest.console.dll, TcpClientExtensions.MessageLoopAsync: Polling on remoteEndPoint: 127.0.0.1:64348 localEndPoint: 127.0.0.1:64347
TpTrace Verbose: 0 : 21068, 7, 2024/01/15, 20:27:05.084, 4307150581816, vstest.console.dll, TcpClientExtensions.MessageLoopAsync: Polling on remoteEndPoint: 127.0.0.1:64348 localEndPoint: 127.0.0.1:64347
TpTrace Verbose: 0 : 21068, 7, 2024/01/15, 20:27:06.084, 4307160588710, vstest.console.dll, TcpClientExtensions.MessageLoopAsync: Polling on remoteEndPoint: 127.0.0.1:64348 localEndPoint: 127.0.0.1:64347
TpTrace Verbose: 0 : 21068, 7, 2024/01/15, 20:27:07.085, 4307170592929, vstest.console.dll, TcpClientExtensions.MessageLoopAsync: Polling on remoteEndPoint: 127.0.0.1:64348 localEndPoint: 127.0.0.1:64347
TpTrace Verbose: 0 : 21068, 7, 2024/01/15, 20:27:08.085, 4307180596371, vstest.console.dll, TcpClientExtensions.MessageLoopAsync: Polling on remoteEndPoint: 127.0.0.1:64348 localEndPoint: 127.0.0.1:64347
TpTrace Verbose: 0 : 21068, 7, 2024/01/15, 20:27:09.086, 4307190602231, vstest.console.dll, TcpClientExtensions.MessageLoopAsync: Polling on remoteEndPoint: 127.0.0.1:64348 localEndPoint: 127.0.0.1:64347
TpTrace Verbose: 0 : 21068, 7, 2024/01/15, 20:27:10.086, 4307200603600, vstest.console.dll, TcpClientExtensions.MessageLoopAsync: Polling on remoteEndPoint: 127.0.0.1:64348 localEndPoint: 127.0.0.1:64347
TpTrace Verbose: 0 : 21068, 7, 2024/01/15, 20:27:11.086, 4307210606388, vstest.console.dll, TcpClientExtensions.MessageLoopAsync: Polling on remoteEndPoint: 127.0.0.1:64348 localEndPoint: 127.0.0.1:64347
TpTrace Verbose: 0 : 21068, 7, 2024/01/15, 20:27:12.086, 4307220610385, vstest.console.dll, TcpClientExtensions.MessageLoopAsync: Polling on remoteEndPoint: 127.0.0.1:64348 localEndPoint: 127.0.0.1:64347
TpTrace Verbose: 0 : 21068, 7, 2024/01/15, 20:27:13.087, 4307230613571, vstest.console.dll, TcpClientExtensions.MessageLoopAsync: Polling on remoteEndPoint: 127.0.0.1:64348 localEndPoint: 127.0.0.1:64347
TpTrace Verbose: 0 : 21068, 7, 2024/01/15, 20:27:14.088, 4307240622286, vstest.console.dll, TcpClientExtensions.MessageLoopAsync: Polling on remoteEndPoint: 127.0.0.1:64348 localEndPoint: 127.0.0.1:64347
TpTrace Verbose: 0 : 21068, 7, 2024/01/15, 20:27:15.088, 4307250629815, vstest.console.dll, TcpClientExtensions.MessageLoopAsync: Polling on remoteEndPoint: 127.0.0.1:64348 localEndPoint: 127.0.0.1:64347
TpTrace Verbose: 0 : 21068, 7, 2024/01/15, 20:27:15.996, 4307259704019, vstest.console.dll, TcpClientExtensions.MessageLoopAsync: NotifyDataAvailable remoteEndPoint: 127.0.0.1:64348 localEndPoint: 127.0.0.1:64347
TpTrace Verbose: 0 : 21068, 7, 2024/01/15, 20:27:15.996, 4307259710663, vstest.console.dll, TestRequestSender.OnExecutionMessageReceived: Received message: {"Version":7,"MessageType":"TestExecution.StatsChange","Payload":{"NewTestResults":[{"TestCase":{"Id":"dea43480-c29b-0e58-6df7-077b2c38e78e","FullyQualifiedName":"PoklonbonoviTest.poklonbonovi","DisplayName":"poklonbonovi","ExecutorUri":"executor://NUnit3TestExecutor","Source":"C:\\Users\\Edna Basic\\source\\repos\\VVS\\VVS\\bin\\Debug\\net7.0\\fine-code-coverage\\build-output\\VVS.dll","CodeFilePath":null,"LineNumber":0,"Properties":[{"Key":{"Id":"NUnit.Seed","Label":"Seed","Category":"","Description":"","Attributes":0,"ValueType":"System.String"},"Value":"2013573183"}]},"Attachments":[],"Outcome":1,"ErrorMessage":null,"ErrorStackTrace":null,"DisplayName":"poklonbonovi","Messages":[],"ComputerName":"EDNIN-LAPTOP","Duration":"00:00:53.1825819","StartTime":"2024-01-15T19:26:22.767796+00:00","EndTime":"2024-01-15T19:27:15.9502636+00:00","Properties":[{"Key":{"Id":"NUnit.Seed","Label":"Seed","Category":"","Description":"","Attributes":0,"ValueType":"System.String"},"Value":"2013573183"}]}],"TestRunStatistics":{"ExecutedTests":1,"Stats":{"Passed":1}},"ActiveTests":[{"Id":"e0a8dcfc-cf0b-d2e0-5ca9-5310bb48c216","FullyQualifiedName":"SigurnostplaanjTest.sigurnostplacanja","DisplayName":"sigurnostplacanja","ExecutorUri":"executor://NUnit3TestExecutor","Source":"C:\\Users\\Edna Basic\\source\\repos\\VVS\\VVS\\bin\\Debug\\net7.0\\fine-code-coverage\\build-output\\VVS.dll","CodeFilePath":null,"LineNumber":0,"Properties":[{"Key":{"Id":"NUnit.Seed","Label":"Seed","Category":"","Description":"","Attributes":0,"ValueType":"System.String"},"Value":"70616118"}]}]}}
TpTrace Verbose: 0 : 21068, 7, 2024/01/15, 20:27:16.007, 4307259820479, vstest.console.dll, TestRunRequest:SendTestRunStatsChange: Starting.
TpTrace Verbose: 0 : 21068, 7, 2024/01/15, 20:27:16.008, 4307259822182, vstest.console.dll, InProgress is sigurnostplacanja
TpTrace Verbose: 0 : 21068, 7, 2024/01/15, 20:27:16.008, 4307259825894, vstest.console.dll, MulticastDelegateUtilities.SafeInvoke: TestRun.RunStatsChanged: Invoking callbacks was skipped because there are no subscribers.
TpTrace Information: 0 : 21068, 7, 2024/01/15, 20:27:16.008, 4307259826965, vstest.console.dll, TestRunRequest:SendTestRunStatsChange: Completed.
TpTrace Verbose: 0 : 21068, 7, 2024/01/15, 20:27:16.008, 4307259827926, vstest.console.dll, MulticastDelegateUtilities.SafeInvoke: LengthPrefixCommunicationChannel: MessageReceived: Invoking callback 1/1 for Microsoft.VisualStudio.TestPlatform.CommunicationUtilities.TestRequestSender+<>c__DisplayClass34_0., took 11 ms.
TpTrace Verbose: 0 : 21068, 7, 2024/01/15, 20:27:16.008, 4307259828955, vstest.console.dll, TcpClientExtensions.MessageLoopAsync: Polling on remoteEndPoint: 127.0.0.1:64348 localEndPoint: 127.0.0.1:64347
TpTrace Verbose: 0 : 21068, 4, 2024/01/15, 20:27:16.011, 4307259854795, vstest.console.dll, MulticastDelegateUtilities.SafeInvoke: InternalTestLoggerEvents.SendTestResult: Invoking callback 1/1 for Microsoft.VisualStudio.TestPlatform.CommandLine.Internal.ConsoleLogger., took 2 ms.
TpTrace Verbose: 0 : 21068, 7, 2024/01/15, 20:27:17.014, 4307269882827, vstest.console.dll, TcpClientExtensions.MessageLoopAsync: Polling on remoteEndPoint: 127.0.0.1:64348 localEndPoint: 127.0.0.1:64347
TpTrace Verbose: 0 : 21068, 7, 2024/01/15, 20:27:18.014, 4307279887521, vstest.console.dll, TcpClientExtensions.MessageLoopAsync: Polling on remoteEndPoint: 127.0.0.1:64348 localEndPoint: 127.0.0.1:64347
TpTrace Verbose: 0 : 21068, 7, 2024/01/15, 20:27:19.014, 4307289889240, vstest.console.dll, TcpClientExtensions.MessageLoopAsync: Polling on remoteEndPoint: 127.0.0.1:64348 localEndPoint: 127.0.0.1:64347
TpTrace Verbose: 0 : 21068, 7, 2024/01/15, 20:27:20.017, 4307299916705, vstest.console.dll, TcpClientExtensions.MessageLoopAsync: Polling on remoteEndPoint: 127.0.0.1:64348 localEndPoint: 127.0.0.1:64347
TpTrace Verbose: 0 : 21068, 7, 2024/01/15, 20:27:21.017, 4307309916696, vstest.console.dll, TcpClientExtensions.MessageLoopAsync: Polling on remoteEndPoint: 127.0.0.1:64348 localEndPoint: 127.0.0.1:64347
TpTrace Verbose: 0 : 21068, 7, 2024/01/15, 20:27:22.018, 4307319923190, vstest.console.dll, TcpClientExtensions.MessageLoopAsync: Polling on remoteEndPoint: 127.0.0.1:64348 localEndPoint: 127.0.0.1:64347
TpTrace Verbose: 0 : 21068, 7, 2024/01/15, 20:27:23.018, 4307329930766, vstest.console.dll, TcpClientExtensions.MessageLoopAsync: Polling on remoteEndPoint: 127.0.0.1:64348 localEndPoint: 127.0.0.1:64347
TpTrace Verbose: 0 : 21068, 7, 2024/01/15, 20:27:24.019, 4307339931981, vstest.console.dll, TcpClientExtensions.MessageLoopAsync: Polling on remoteEndPoint: 127.0.0.1:64348 localEndPoint: 127.0.0.1:64347
TpTrace Verbose: 0 : 21068, 7, 2024/01/15, 20:27:25.019, 4307349936266, vstest.console.dll, TcpClientExtensions.MessageLoopAsync: Polling on remoteEndPoint: 127.0.0.1:64348 localEndPoint: 127.0.0.1:64347
TpTrace Verbose: 0 : 21068, 7, 2024/01/15, 20:27:26.019, 4307359938307, vstest.console.dll, TcpClientExtensions.MessageLoopAsync: Polling on remoteEndPoint: 127.0.0.1:64348 localEndPoint: 127.0.0.1:64347
TpTrace Verbose: 0 : 21068, 7, 2024/01/15, 20:27:27.020, 4307369945445, vstest.console.dll, TcpClientExtensions.MessageLoopAsync: Polling on remoteEndPoint: 127.0.0.1:64348 localEndPoint: 127.0.0.1:64347
TpTrace Verbose: 0 : 21068, 7, 2024/01/15, 20:27:28.021, 4307379951031, vstest.console.dll, TcpClientExtensions.MessageLoopAsync: Polling on remoteEndPoint: 127.0.0.1:64348 localEndPoint: 127.0.0.1:64347
TpTrace Verbose: 0 : 21068, 7, 2024/01/15, 20:27:29.021, 4307389958405, vstest.console.dll, TcpClientExtensions.MessageLoopAsync: Polling on remoteEndPoint: 127.0.0.1:64348 localEndPoint: 127.0.0.1:64347
TpTrace Verbose: 0 : 21068, 7, 2024/01/15, 20:27:30.021, 4307399958688, vstest.console.dll, TcpClientExtensions.MessageLoopAsync: Polling on remoteEndPoint: 127.0.0.1:64348 localEndPoint: 127.0.0.1:64347
TpTrace Verbose: 0 : 21068, 7, 2024/01/15, 20:27:31.022, 4307409962194, vstest.console.dll, TcpClientExtensions.MessageLoopAsync: Polling on remoteEndPoint: 127.0.0.1:64348 localEndPoint: 127.0.0.1:64347
TpTrace Verbose: 0 : 21068, 7, 2024/01/15, 20:27:32.022, 4307419962313, vstest.console.dll, TcpClientExtensions.MessageLoopAsync: Polling on remoteEndPoint: 127.0.0.1:64348 localEndPoint: 127.0.0.1:64347
TpTrace Verbose: 0 : 21068, 7, 2024/01/15, 20:27:33.022, 4307429964676, vstest.console.dll, TcpClientExtensions.MessageLoopAsync: Polling on remoteEndPoint: 127.0.0.1:64348 localEndPoint: 127.0.0.1:64347
TpTrace Verbose: 0 : 21068, 7, 2024/01/15, 20:27:34.022, 4307439965602, vstest.console.dll, TcpClientExtensions.MessageLoopAsync: Polling on remoteEndPoint: 127.0.0.1:64348 localEndPoint: 127.0.0.1:64347
TpTrace Verbose: 0 : 21068, 7, 2024/01/15, 20:27:35.022, 4307449970172, vstest.console.dll, TcpClientExtensions.MessageLoopAsync: Polling on remoteEndPoint: 127.0.0.1:64348 localEndPoint: 127.0.0.1:64347
TpTrace Verbose: 0 : 21068, 7, 2024/01/15, 20:27:36.023, 4307459971647, vstest.console.dll, TcpClientExtensions.MessageLoopAsync: Polling on remoteEndPoint: 127.0.0.1:64348 localEndPoint: 127.0.0.1:64347
TpTrace Verbose: 0 : 21068, 7, 2024/01/15, 20:27:37.023, 4307469971994, vstest.console.dll, TcpClientExtensions.MessageLoopAsync: Polling on remoteEndPoint: 127.0.0.1:64348 localEndPoint: 127.0.0.1:64347
TpTrace Verbose: 0 : 21068, 7, 2024/01/15, 20:27:38.023, 4307479972829, vstest.console.dll, TcpClientExtensions.MessageLoopAsync: Polling on remoteEndPoint: 127.0.0.1:64348 localEndPoint: 127.0.0.1:64347
TpTrace Verbose: 0 : 21068, 7, 2024/01/15, 20:27:39.024, 4307489982572, vstest.console.dll, TcpClientExtensions.MessageLoopAsync: Polling on remoteEndPoint: 127.0.0.1:64348 localEndPoint: 127.0.0.1:64347
TpTrace Verbose: 0 : 21068, 7, 2024/01/15, 20:27:40.024, 4307499983465, vstest.console.dll, TcpClientExtensions.MessageLoopAsync: Polling on remoteEndPoint: 127.0.0.1:64348 localEndPoint: 127.0.0.1:64347
TpTrace Verbose: 0 : 21068, 7, 2024/01/15, 20:27:41.024, 4307509987838, vstest.console.dll, TcpClientExtensions.MessageLoopAsync: Polling on remoteEndPoint: 127.0.0.1:64348 localEndPoint: 127.0.0.1:64347
TpTrace Verbose: 0 : 21068, 7, 2024/01/15, 20:27:42.025, 4307519994506, vstest.console.dll, TcpClientExtensions.MessageLoopAsync: Polling on remoteEndPoint: 127.0.0.1:64348 localEndPoint: 127.0.0.1:64347
TpTrace Verbose: 0 : 21068, 7, 2024/01/15, 20:27:43.025, 4307529998380, vstest.console.dll, TcpClientExtensions.MessageLoopAsync: Polling on remoteEndPoint: 127.0.0.1:64348 localEndPoint: 127.0.0.1:64347
TpTrace Verbose: 0 : 21068, 7, 2024/01/15, 20:27:44.026, 4307540004238, vstest.console.dll, TcpClientExtensions.MessageLoopAsync: Polling on remoteEndPoint: 127.0.0.1:64348 localEndPoint: 127.0.0.1:64347
TpTrace Verbose: 0 : 21068, 7, 2024/01/15, 20:27:45.027, 4307550011229, vstest.console.dll, TcpClientExtensions.MessageLoopAsync: Polling on remoteEndPoint: 127.0.0.1:64348 localEndPoint: 127.0.0.1:64347
TpTrace Verbose: 0 : 21068, 7, 2024/01/15, 20:27:46.027, 4307560017892, vstest.console.dll, TcpClientExtensions.MessageLoopAsync: Polling on remoteEndPoint: 127.0.0.1:64348 localEndPoint: 127.0.0.1:64347
TpTrace Verbose: 0 : 21068, 7, 2024/01/15, 20:27:47.027, 4307570019112, vstest.console.dll, TcpClientExtensions.MessageLoopAsync: Polling on remoteEndPoint: 127.0.0.1:64348 localEndPoint: 127.0.0.1:64347
TpTrace Verbose: 0 : 21068, 7, 2024/01/15, 20:27:48.028, 4307580028887, vstest.console.dll, TcpClientExtensions.MessageLoopAsync: Polling on remoteEndPoint: 127.0.0.1:64348 localEndPoint: 127.0.0.1:64347
TpTrace Verbose: 0 : 21068, 7, 2024/01/15, 20:27:48.950, 4307589244680, vstest.console.dll, TcpClientExtensions.MessageLoopAsync: NotifyDataAvailable remoteEndPoint: 127.0.0.1:64348 localEndPoint: 127.0.0.1:64347
TpTrace Verbose: 0 : 21068, 7, 2024/01/15, 20:27:48.950, 4307589247899, vstest.console.dll, TestRequestSender.OnExecutionMessageReceived: Received message: {"Version":7,"MessageType":"TestSession.Message","Payload":{"MessageLevel":0,"Message":"NUnit Adapter 4.5.0.0: Test execution complete"}}
TpTrace Verbose: 0 : 21068, 7, 2024/01/15, 20:27:48.950, 4307589250233, vstest.console.dll, TestRunRequest:SendTestRunMessage: Starting.
TpTrace Verbose: 0 : 21068, 7, 2024/01/15, 20:27:48.951, 4307589251695, vstest.console.dll, MulticastDelegateUtilities.SafeInvoke: TestRun.LogMessages: Invoking callback 1/1 for Microsoft.VisualStudio.TestPlatform.CommandLine.TestRunResultAggregator., took 0 ms.
TpTrace Verbose: 0 : 21068, 4, 2024/01/15, 20:27:48.951, 4307589252173, vstest.console.dll, MulticastDelegateUtilities.SafeInvoke: InternalTestLoggerEvents.SendTestRunMessage: Invoking callback 1/1 for Microsoft.VisualStudio.TestPlatform.CommandLine.Internal.ConsoleLogger., took 0 ms.
TpTrace Information: 0 : 21068, 7, 2024/01/15, 20:27:48.951, 4307589252810, vstest.console.dll, TestRunRequest:SendTestRunMessage: Completed.
TpTrace Verbose: 0 : 21068, 7, 2024/01/15, 20:27:48.951, 4307589255632, vstest.console.dll, MulticastDelegateUtilities.SafeInvoke: LengthPrefixCommunicationChannel: MessageReceived: Invoking callback 1/1 for Microsoft.VisualStudio.TestPlatform.CommunicationUtilities.TestRequestSender+<>c__DisplayClass34_0., took 0 ms.
TpTrace Verbose: 0 : 21068, 7, 2024/01/15, 20:27:48.951, 4307589256470, vstest.console.dll, TcpClientExtensions.MessageLoopAsync: Polling on remoteEndPoint: 127.0.0.1:64348 localEndPoint: 127.0.0.1:64347
TpTrace Verbose: 0 : 21068, 7, 2024/01/15, 20:27:48.970, 4307589443121, vstest.console.dll, TcpClientExtensions.MessageLoopAsync: NotifyDataAvailable remoteEndPoint: 127.0.0.1:64348 localEndPoint: 127.0.0.1:64347
TpTrace Verbose: 0 : 21068, 7, 2024/01/15, 20:27:48.970, 4307589445755, vstest.console.dll, TestRequestSender.OnExecutionMessageReceived: Received message: {"Version":7,"MessageType":"TestExecution.Completed","Payload":{"TestRunCompleteArgs":{"TestRunStatistics":{"ExecutedTests":2,"Stats":{"Passed":2}},"IsCanceled":false,"IsAborted":false,"Error":null,"AttachmentSets":[],"InvokedDataCollectors":[],"ElapsedTimeInRunningTests":"00:01:26.4326571","Metrics":{},"DiscoveredExtensions":{"TestDiscoverers":["Microsoft.VisualStudio.TestPlatform.MSTest.TestAdapter.MSTestDiscoverer, Microsoft.VisualStudio.TestPlatform.MSTest.TestAdapter, Version=14.0.0.0, Culture=neutral, PublicKeyToken=b03f5f7f11d50a3a","NUnit.VisualStudio.TestAdapter.NUnit3TestDiscoverer, NUnit3.TestAdapter, Version=4.5.0.0, Culture=neutral, PublicKeyToken=4cb40d35494691ac"],"TestExecutors":["executor://MSTestAdapter/v2","executor://NUnit3TestExecutor"],"TestExecutors2":[],"TestSettingsProviders":[]}},"LastRunTests":{"NewTestResults":[{"TestCase":{"Id":"e0a8dcfc-cf0b-d2e0-5ca9-5310bb48c216","FullyQualifiedName":"SigurnostplaanjTest.sigurnostplacanja","DisplayName":"sigurnostplacanja","ExecutorUri":"executor://NUnit3TestExecutor","Source":"C:\\Users\\Edna Basic\\source\\repos\\VVS\\VVS\\bin\\Debug\\net7.0\\fine-code-coverage\\build-output\\VVS.dll","CodeFilePath":null,"LineNumber":0,"Properties":[{"Key":{"Id":"NUnit.Seed","Label":"Seed","Category":"","Description":"","Attributes":0,"ValueType":"System.String"},"Value":"70616118"}]},"Attachments":[],"Outcome":1,"ErrorMessage":null,"ErrorStackTrace":null,"DisplayName":"sigurnostplacanja","Messages":[],"ComputerName":"EDNIN-LAPTOP","Duration":"00:00:32.9845390","StartTime":"2024-01-15T19:27:15.9553887+00:00","EndTime":"2024-01-15T19:27:48.9399273+00:00","Properties":[{"Key":{"Id":"NUnit.Seed","Label":"Seed","Category":"","Description":"","Attributes":0,"ValueType":"System.String"},"Value":"70616118"}]}],"TestRunStatistics":{"ExecutedTests":2,"Stats":{"Passed":2}},"ActiveTests":[]},"RunAttachments":[],"ExecutorUris":["executor://nunit3testexecutor/"]}}
TpTrace Verbose: 0 : 21068, 7, 2024/01/15, 20:27:48.970, 4307589447873, vstest.console.dll, TestRequestSender.EndSession: Sending end session.
TpTrace Verbose: 0 : 21068, 7, 2024/01/15, 20:27:48.970, 4307589450433, vstest.console.dll, ProxyOperationManager.Close: waiting for test host to exit for 100 ms
TpTrace Verbose: 0 : 21068, 11, 2024/01/15, 20:27:48.992, 4307589664956, vstest.console.dll, TestHostManagerCallbacks.ctor: Experimental forwarding output is disabled.
TpTrace Warning: 0 : 21068, 11, 2024/01/15, 20:27:48.992, 4307589666642, vstest.console.dll, TestHostManagerCallbacks.ErrorReceivedCallback Test host standard error line: 
TpTrace Verbose: 0 : 21068, 11, 2024/01/15, 20:27:49.005, 4307589800011, vstest.console.dll, TestHostProvider.ExitCallBack: Host exited starting callback.
TpTrace Information: 0 : 21068, 11, 2024/01/15, 20:27:49.006, 4307589802985, vstest.console.dll, TestHostManagerCallbacks.ExitCallBack: Testhost processId: 13296 exited with exitcode: 0 error: ''
TpTrace Verbose: 0 : 21068, 11, 2024/01/15, 20:27:49.006, 4307589803975, vstest.console.dll, DotnetTestHostManager.OnHostExited: invoking OnHostExited callback
TpTrace Verbose: 0 : 21068, 11, 2024/01/15, 20:27:49.006, 4307589805094, vstest.console.dll, CrossPlatEngine.TestHostManagerHostExited: calling on client process exit callback.
TpTrace Information: 0 : 21068, 11, 2024/01/15, 20:27:49.006, 4307589806189, vstest.console.dll, TestRequestSender.OnClientProcessExit: Test host process exited. Standard error: 
TpTrace Information: 0 : 21068, 7, 2024/01/15, 20:27:49.006, 4307589807185, vstest.console.dll, SocketServer.Stop: Stop server endPoint: 127.0.0.1:64347
TpTrace Information: 0 : 21068, 7, 2024/01/15, 20:27:49.006, 4307589808479, vstest.console.dll, SocketServer.Stop: Cancellation requested. Stopping message loop.
TpTrace Information: 0 : 21068, 11, 2024/01/15, 20:27:49.006, 4307589807599, vstest.console.dll, SocketServer.Stop: Stop server endPoint: 127.0.0.1:64347
TpTrace Information: 0 : 21068, 7, 2024/01/15, 20:27:49.006, 4307589809969, vstest.console.dll, Closing the connection
TpTrace Information: 0 : 21068, 11, 2024/01/15, 20:27:49.006, 4307589810391, vstest.console.dll, SocketServer.Stop: Cancellation requested. Stopping message loop.
TpTrace Verbose: 0 : 21068, 11, 2024/01/15, 20:27:49.007, 4307589812169, vstest.console.dll, MulticastDelegateUtilities.SafeInvoke: HostProviderEvents.OnHostExited: Invoking callback 1/1 for Microsoft.VisualStudio.TestPlatform.CrossPlatEngine.Client.ProxyOperationManager., took 0 ms.
TpTrace Verbose: 0 : 21068, 7, 2024/01/15, 20:27:49.007, 4307589814904, vstest.console.dll, ProxyDataCollectionManager.InvokeDataCollectionServiceAction: Starting.
TpTrace Information: 0 : 21068, 7, 2024/01/15, 20:27:49.007, 4307589815785, vstest.console.dll, ProxyDataCollectionManager.AfterTestRunEnd: Get attachment set and invoked data collectors processId: 20664 port: 64344
TpTrace Verbose: 0 : 21068, 7, 2024/01/15, 20:27:49.007, 4307589816707, vstest.console.dll, DataCollectionRequestSender.SendAfterTestRunStartAndGetResult: Send AfterTestRunEnd message with isCancelled: False
TpTrace Verbose: 0 : 21068, 7, 2024/01/15, 20:27:49.016, 4307589901412, vstest.console.dll, DataCollectionRequestSender.SendAfterTestRunStartAndGetResult: Received message: (DataCollection.AfterTestRunEndResult) -> {"MessageType":"DataCollection.AfterTestRunEndResult","Payload":{"AttachmentSets":[],"InvokedDataCollectors":[{"Uri":"datacollector://Microsoft/TestPlatform/Extensions/Blame/v1","FriendlyName":"Blame","AssemblyQualifiedName":"Microsoft.TestPlatform.Extensions.BlameDataCollector.BlameCollector, Microsoft.TestPlatform.Extensions.BlameDataCollector, Version=15.0.0.0, Culture=neutral, PublicKeyToken=b03f5f7f11d50a3a","FilePath":"C:\\Program Files\\dotnet\\sdk\\7.0.402\\Extensions\\Microsoft.TestPlatform.Extensions.BlameDataCollector.dll","HasAttachmentProcessor":false}],"Metrics":{}}}
TpTrace Warning: 0 : 21068, 10, 2024/01/15, 20:27:49.021, 4307589955846, vstest.console.dll, DataCollectionLauncher.ErrorReceivedCallback datacollector standard error line: 
TpTrace Information: 0 : 21068, 7, 2024/01/15, 20:27:49.022, 4307589961026, vstest.console.dll, ProxyDataCollectionManager.InvokeDataCollectionServiceAction: Completed.
TpTrace Information: 0 : 21068, 10, 2024/01/15, 20:27:49.030, 4307590041383, vstest.console.dll, DataCollectionLauncher.ExitCallBack: Data collector exited with exitcode: 0 error: ''
TpTrace Verbose: 0 : 21068, 7, 2024/01/15, 20:27:49.061, 4307590359358, vstest.console.dll, TestRunRequest:SendTestRunStatsChange: Starting.
TpTrace Verbose: 0 : 21068, 7, 2024/01/15, 20:27:49.061, 4307590360770, vstest.console.dll, MulticastDelegateUtilities.SafeInvoke: TestRun.RunStatsChanged: Invoking callbacks was skipped because there are no subscribers.
TpTrace Information: 0 : 21068, 7, 2024/01/15, 20:27:49.062, 4307590361560, vstest.console.dll, TestRunRequest:SendTestRunStatsChange: Completed.
TpTrace Verbose: 0 : 21068, 4, 2024/01/15, 20:27:49.062, 4307590364152, vstest.console.dll, MulticastDelegateUtilities.SafeInvoke: InternalTestLoggerEvents.SendTestResult: Invoking callback 1/1 for Microsoft.VisualStudio.TestPlatform.CommandLine.Internal.ConsoleLogger., took 0 ms.
TpTrace Verbose: 0 : 21068, 7, 2024/01/15, 20:27:49.062, 4307590366819, vstest.console.dll, ParallelProxyExecutionManager: HandlePartialRunComplete: Total workloads = 1, Total started clients = 1 Total completed clients = 1, Run complete = True, Run canceled: False.
TpTrace Verbose: 0 : 21068, 7, 2024/01/15, 20:27:49.062, 4307590367658, vstest.console.dll, ParallelProxyExecutionManager: HandlePartialRunComplete: All runs completed stopping all managers.
TpTrace Verbose: 0 : 21068, 7, 2024/01/15, 20:27:49.062, 4307590368553, vstest.console.dll, ParallelOperationManager.StopAllManagers: Stopping all managers.
TpTrace Verbose: 0 : 21068, 7, 2024/01/15, 20:27:49.062, 4307590369252, vstest.console.dll, ParallelOperationManager.ClearSlots: Clearing all slots. Slots should accept more work: False
TpTrace Verbose: 0 : 21068, 7, 2024/01/15, 20:27:49.062, 4307590370047, vstest.console.dll, ParallelOperationManager.SetOccupiedSlotCount: Setting slot counts AvailableSlotCount = 1, OccupiedSlotCount = 0.
TpTrace Verbose: 0 : 21068, 7, 2024/01/15, 20:27:49.063, 4307590370912, vstest.console.dll, Occupied slots:

TpTrace Verbose: 0 : 21068, 4, 2024/01/15, 20:27:49.072, 4307590469293, vstest.console.dll, MulticastDelegateUtilities.SafeInvoke: InternalTestLoggerEvents.SendTestRunComplete: Invoking callback 1/2 for Microsoft.TestPlatform.Extensions.BlameDataCollector.BlameLogger., took 0 ms.
TpTrace Verbose: 0 : 21068, 4, 2024/01/15, 20:27:49.081, 4307590556441, vstest.console.dll, MulticastDelegateUtilities.SafeInvoke: InternalTestLoggerEvents.SendTestRunComplete: Invoking callback 2/2 for Microsoft.VisualStudio.TestPlatform.CommandLine.Internal.ConsoleLogger., took 8 ms.
TpTrace Verbose: 0 : 21068, 7, 2024/01/15, 20:27:49.081, 4307590560399, vstest.console.dll, TestRunRequest:TestRunComplete: Starting. IsAborted:False IsCanceled:False.
TpTrace Verbose: 0 : 21068, 7, 2024/01/15, 20:27:49.082, 4307590562507, vstest.console.dll, ParallelOperationManager.DoActionOnAllManagers: Calling an action on all managers.
TpTrace Verbose: 0 : 21068, 7, 2024/01/15, 20:27:49.083, 4307590573331, vstest.console.dll, TestLoggerManager.HandleTestRunComplete: Ignoring as the object is disposed.
TpTrace Verbose: 0 : 21068, 7, 2024/01/15, 20:27:49.083, 4307590575774, vstest.console.dll, MulticastDelegateUtilities.SafeInvoke: TestRun.TestRunComplete: Invoking callback 1/2 for Microsoft.VisualStudio.TestPlatform.CommandLine.TestRunResultAggregator., took 0 ms.
TpTrace Verbose: 0 : 21068, 7, 2024/01/15, 20:27:49.083, 4307590577709, vstest.console.dll, MulticastDelegateUtilities.SafeInvoke: TestRun.TestRunComplete: Invoking callback 2/2 for Microsoft.VisualStudio.TestPlatform.CommandLine.Processors.RunTestsArgumentExecutor+TestRunRequestEventsRegistrar., took 0 ms.
TpTrace Information: 0 : 21068, 7, 2024/01/15, 20:27:49.083, 4307590579293, vstest.console.dll, TestRunRequest:TestRunComplete: Completed.
TpTrace Verbose: 0 : 21068, 1, 2024/01/15, 20:27:49.083, 4307590579866, vstest.console.dll, TestRunRequest.Dispose: Starting.
TpTrace Verbose: 0 : 21068, 7, 2024/01/15, 20:27:49.083, 4307590580394, vstest.console.dll, TestRequestSender.SetOperationComplete: Setting operation complete.
TpTrace Information: 0 : 21068, 1, 2024/01/15, 20:27:49.084, 4307590581500, vstest.console.dll, TestRunRequest.Dispose: Completed.
TpTrace Information: 0 : 21068, 7, 2024/01/15, 20:27:49.084, 4307590582539, vstest.console.dll, SocketServer.Stop: Stop server endPoint: 127.0.0.1:64347
TpTrace Information: 0 : 21068, 1, 2024/01/15, 20:27:49.084, 4307590584086, vstest.console.dll, TestRequestManager.RunTests: run tests completed.
TpTrace Information: 0 : 21068, 7, 2024/01/15, 20:27:49.084, 4307590585005, vstest.console.dll, SocketServer.Stop: Cancellation requested. Stopping message loop.
TpTrace Information: 0 : 21068, 1, 2024/01/15, 20:27:49.084, 4307590586982, vstest.console.dll, RunTestsArgumentProcessor:Execute: Test run is completed.
TpTrace Verbose: 0 : 21068, 7, 2024/01/15, 20:27:49.084, 4307590588125, vstest.console.dll, MulticastDelegateUtilities.SafeInvoke: LengthPrefixCommunicationChannel: MessageReceived: Invoking callback 1/1 for Microsoft.VisualStudio.TestPlatform.CommunicationUtilities.TestRequestSender+<>c__DisplayClass34_0., took 114 ms.
TpTrace Information: 0 : 21068, 7, 2024/01/15, 20:27:49.084, 4307590589377, vstest.console.dll, SocketServer.PrivateStop: Stopping server endPoint: 127.0.0.1:64347 error: 
TpTrace Verbose: 0 : 21068, 1, 2024/01/15, 20:27:49.084, 4307590590033, vstest.console.dll, Executor.Execute: Exiting with exit code of 0
TpTrace Verbose: 0 : 21068, 7, 2024/01/15, 20:27:49.085, 4307590595780, vstest.console.dll, LengthPrefixCommunicationChannel.Dispose: Dispose reader and writer.
